{"level":"info","message":"Sever is listening on 51667","timestamp":"2017-04-15T20:12:45.179Z"}
{"level":"info","message":"\u001b[0mGET / \u001b[32m200 \u001b[0m6.348 ms - 2889\u001b[0m\n","timestamp":"2017-04-15T20:14:27.267Z"}
{"level":"info","message":"\u001b[0mGET /css/normalize.css \u001b[32m200 \u001b[0m2.780 ms - 8053\u001b[0m\n","timestamp":"2017-04-15T20:14:27.277Z"}
{"level":"info","message":"\u001b[0mGET /css/style.css \u001b[32m200 \u001b[0m3.784 ms - 3658\u001b[0m\n","timestamp":"2017-04-15T20:14:27.278Z"}
{"level":"info","message":"\u001b[0mGET /js/loading.js \u001b[32m200 \u001b[0m0.488 ms - 471\u001b[0m\n","timestamp":"2017-04-15T20:14:27.279Z"}
{"level":"info","message":"\u001b[0mGET /js/login.js \u001b[32m200 \u001b[0m0.601 ms - 810\u001b[0m\n","timestamp":"2017-04-15T20:14:27.282Z"}
{"level":"info","message":"\u001b[0mGET /image/profile-green.png \u001b[32m200 \u001b[0m0.800 ms - 34293\u001b[0m\n","timestamp":"2017-04-15T20:14:27.286Z"}
{"level":"info","message":"\u001b[0mGET /image/facebook-icon.png \u001b[32m200 \u001b[0m0.782 ms - 39937\u001b[0m\n","timestamp":"2017-04-15T20:14:27.293Z"}
{"level":"info","message":"\u001b[0mGET /image/wechat-icon.png \u001b[32m200 \u001b[0m1.040 ms - 61805\u001b[0m\n","timestamp":"2017-04-15T20:14:27.297Z"}
{"level":"info","message":"\u001b[0mGET /image/twitter-icon.png \u001b[32m200 \u001b[0m0.956 ms - 42256\u001b[0m\n","timestamp":"2017-04-15T20:14:27.300Z"}
{"level":"info","message":"\u001b[0mGET /image/weibo-icon.png \u001b[32m200 \u001b[0m1.099 ms - 93352\u001b[0m\n","timestamp":"2017-04-15T20:14:27.308Z"}
{"level":"info","message":"\u001b[0mGET /favicon.ico \u001b[33m404 \u001b[0m1.906 ms - 150\u001b[0m\n","timestamp":"2017-04-15T20:14:27.622Z"}
{"level":"info","message":"\u001b[0mGET / \u001b[36m304 \u001b[0m8.789 ms - -\u001b[0m\n","timestamp":"2017-04-15T20:14:35.515Z"}
{"level":"info","message":"\u001b[0mGET /css/normalize.css \u001b[36m304 \u001b[0m2.036 ms - -\u001b[0m\n","timestamp":"2017-04-15T20:14:35.536Z"}
{"level":"info","message":"\u001b[0mGET /css/style.css \u001b[36m304 \u001b[0m3.054 ms - -\u001b[0m\n","timestamp":"2017-04-15T20:14:35.538Z"}
{"level":"info","message":"\u001b[0mGET /js/loading.js \u001b[36m304 \u001b[0m0.510 ms - -\u001b[0m\n","timestamp":"2017-04-15T20:14:35.542Z"}
{"level":"info","message":"\u001b[0mGET /js/login.js \u001b[36m304 \u001b[0m0.397 ms - -\u001b[0m\n","timestamp":"2017-04-15T20:14:35.545Z"}
{"level":"info","message":"\u001b[0mGET /image/profile-green.png \u001b[36m304 \u001b[0m0.284 ms - -\u001b[0m\n","timestamp":"2017-04-15T20:14:35.547Z"}
{"level":"info","message":"\u001b[0mGET /image/facebook-icon.png \u001b[36m304 \u001b[0m2.528 ms - -\u001b[0m\n","timestamp":"2017-04-15T20:14:35.552Z"}
{"level":"info","message":"\u001b[0mGET /image/wechat-icon.png \u001b[36m304 \u001b[0m1.420 ms - -\u001b[0m\n","timestamp":"2017-04-15T20:14:35.561Z"}
{"level":"info","message":"\u001b[0mGET /image/twitter-icon.png \u001b[36m304 \u001b[0m3.216 ms - -\u001b[0m\n","timestamp":"2017-04-15T20:14:35.574Z"}
{"level":"info","message":"\u001b[0mGET /image/weibo-icon.png \u001b[36m304 \u001b[0m7.199 ms - -\u001b[0m\n","timestamp":"2017-04-15T20:14:35.574Z"}
{"level":"info","message":"qb4IsiI9-izX6uRhAAAA connected","timestamp":"2017-04-15T20:15:10.185Z"}
{"level":"info","message":"qb4IsiI9-izX6uRhAAAA eventName:register message:new user add to the database","timestamp":"2017-04-15T20:15:10.336Z"}
{"level":"info","message":"\u001b[0mGET /css/normalize.css \u001b[36m304 \u001b[0m2.274 ms - -\u001b[0m\n","timestamp":"2017-04-15T20:15:21.465Z"}
{"level":"info","message":"\u001b[0mGET /css/style.css \u001b[36m304 \u001b[0m1.551 ms - -\u001b[0m\n","timestamp":"2017-04-15T20:15:21.465Z"}
{"level":"info","message":"3Lm8UTJxTvs1R908AAAB connected","timestamp":"2017-04-15T20:15:33.416Z"}
{"level":"info","message":"3Lm8UTJxTvs1R908AAAB eventName:register message:failed with user exist","timestamp":"2017-04-15T20:15:33.437Z"}
{"level":"info","message":"\u001b[0mGET /? \u001b[32m200 \u001b[0m0.427 ms - 2888\u001b[0m\n","timestamp":"2017-04-15T20:15:41.123Z"}
{"level":"info","message":"\u001b[0mGET /css/normalize.css \u001b[36m304 \u001b[0m1.077 ms - -\u001b[0m\n","timestamp":"2017-04-15T20:15:41.153Z"}
{"level":"info","message":"\u001b[0mGET /css/style.css \u001b[36m304 \u001b[0m1.209 ms - -\u001b[0m\n","timestamp":"2017-04-15T20:15:41.154Z"}
{"level":"info","message":"\u001b[0mGET /js/loading.js \u001b[36m304 \u001b[0m0.474 ms - -\u001b[0m\n","timestamp":"2017-04-15T20:15:41.170Z"}
{"level":"info","message":"\u001b[0mGET /js/login.js \u001b[36m304 \u001b[0m0.575 ms - -\u001b[0m\n","timestamp":"2017-04-15T20:15:41.187Z"}
{"level":"info","message":"\u001b[0mGET /image/profile-green.png \u001b[36m304 \u001b[0m0.887 ms - -\u001b[0m\n","timestamp":"2017-04-15T20:15:41.192Z"}
{"level":"info","message":"\u001b[0mGET /image/facebook-icon.png \u001b[36m304 \u001b[0m0.449 ms - -\u001b[0m\n","timestamp":"2017-04-15T20:15:41.198Z"}
{"level":"info","message":"\u001b[0mGET /image/wechat-icon.png \u001b[36m304 \u001b[0m0.372 ms - -\u001b[0m\n","timestamp":"2017-04-15T20:15:41.202Z"}
{"level":"info","message":"\u001b[0mGET /image/twitter-icon.png \u001b[36m304 \u001b[0m0.674 ms - -\u001b[0m\n","timestamp":"2017-04-15T20:15:41.206Z"}
{"level":"info","message":"\u001b[0mGET /image/weibo-icon.png \u001b[36m304 \u001b[0m0.538 ms - -\u001b[0m\n","timestamp":"2017-04-15T20:15:41.211Z"}
{"level":"info","message":"\u001b[0mGET / \u001b[32m200 \u001b[0m0.632 ms - 2895\u001b[0m\n","timestamp":"2017-04-15T20:27:37.993Z"}
{"level":"info","message":"\u001b[0mGET /css/normalize.css \u001b[32m200 \u001b[0m5.311 ms - 8053\u001b[0m\n","timestamp":"2017-04-15T20:27:38.022Z"}
{"level":"info","message":"\u001b[0mGET /css/style.css \u001b[32m200 \u001b[0m4.276 ms - 3669\u001b[0m\n","timestamp":"2017-04-15T20:27:38.023Z"}
{"level":"info","message":"\u001b[0mGET /js/loading.js \u001b[32m200 \u001b[0m0.659 ms - 471\u001b[0m\n","timestamp":"2017-04-15T20:27:38.027Z"}
{"level":"info","message":"\u001b[0mGET /js/login.js \u001b[32m200 \u001b[0m0.658 ms - 1554\u001b[0m\n","timestamp":"2017-04-15T20:27:38.032Z"}
{"level":"info","message":"\u001b[0mGET /image/profile-green.png \u001b[32m200 \u001b[0m1.718 ms - 34293\u001b[0m\n","timestamp":"2017-04-15T20:27:38.040Z"}
{"level":"info","message":"\u001b[0mGET /image/facebook-icon.png \u001b[32m200 \u001b[0m0.863 ms - 39937\u001b[0m\n","timestamp":"2017-04-15T20:27:38.043Z"}
{"level":"info","message":"\u001b[0mGET /image/wechat-icon.png \u001b[32m200 \u001b[0m2.649 ms - 61805\u001b[0m\n","timestamp":"2017-04-15T20:27:38.050Z"}
{"level":"info","message":"\u001b[0mGET /image/twitter-icon.png \u001b[32m200 \u001b[0m1.829 ms - 42256\u001b[0m\n","timestamp":"2017-04-15T20:27:38.055Z"}
{"level":"info","message":"\u001b[0mGET /image/weibo-icon.png \u001b[32m200 \u001b[0m1.939 ms - 93352\u001b[0m\n","timestamp":"2017-04-15T20:27:38.063Z"}
{"level":"info","message":"jX_UuJKKWWgIVH3mAAAC connected","timestamp":"2017-04-15T20:27:43.901Z"}
{"level":"info","message":"jX_UuJKKWWgIVH3mAAAC eventName:login message:failed with wrong password or username","timestamp":"2017-04-15T20:27:43.979Z"}
{"level":"info","message":"AjYOrm3Fhi2D4gIqAAAD connected","timestamp":"2017-04-15T20:27:53.147Z"}
{"level":"info","message":"AjYOrm3Fhi2D4gIqAAAD eventName:register message:failed with user exist","timestamp":"2017-04-15T20:27:53.162Z"}
{"level":"info","message":"\u001b[0mGET /css/normalize.css \u001b[36m304 \u001b[0m0.764 ms - -\u001b[0m\n","timestamp":"2017-04-15T20:27:56.537Z"}
{"level":"info","message":"\u001b[0mGET /css/style.css \u001b[36m304 \u001b[0m1.002 ms - -\u001b[0m\n","timestamp":"2017-04-15T20:27:56.538Z"}
{"level":"info","message":"\u001b[0mGET / \u001b[36m304 \u001b[0m0.312 ms - -\u001b[0m\n","timestamp":"2017-04-15T20:28:01.607Z"}
{"level":"info","message":"\u001b[0mGET /css/normalize.css \u001b[36m304 \u001b[0m0.659 ms - -\u001b[0m\n","timestamp":"2017-04-15T20:28:01.618Z"}
{"level":"info","message":"\u001b[0mGET /css/style.css \u001b[36m304 \u001b[0m0.800 ms - -\u001b[0m\n","timestamp":"2017-04-15T20:28:01.618Z"}
{"level":"info","message":"\u001b[0mGET /js/loading.js \u001b[36m304 \u001b[0m0.335 ms - -\u001b[0m\n","timestamp":"2017-04-15T20:28:01.623Z"}
{"level":"info","message":"\u001b[0mGET /js/login.js \u001b[36m304 \u001b[0m0.423 ms - -\u001b[0m\n","timestamp":"2017-04-15T20:28:01.626Z"}
{"level":"info","message":"\u001b[0mGET /image/profile-green.png \u001b[36m304 \u001b[0m0.264 ms - -\u001b[0m\n","timestamp":"2017-04-15T20:28:01.628Z"}
{"level":"info","message":"\u001b[0mGET /image/facebook-icon.png \u001b[36m304 \u001b[0m0.243 ms - -\u001b[0m\n","timestamp":"2017-04-15T20:28:01.631Z"}
{"level":"info","message":"\u001b[0mGET /image/wechat-icon.png \u001b[36m304 \u001b[0m0.289 ms - -\u001b[0m\n","timestamp":"2017-04-15T20:28:01.633Z"}
{"level":"info","message":"\u001b[0mGET /image/twitter-icon.png \u001b[36m304 \u001b[0m0.261 ms - -\u001b[0m\n","timestamp":"2017-04-15T20:28:01.635Z"}
{"level":"info","message":"\u001b[0mGET /image/weibo-icon.png \u001b[36m304 \u001b[0m0.291 ms - -\u001b[0m\n","timestamp":"2017-04-15T20:28:01.638Z"}
{"level":"info","message":"\u001b[0mGET /css/normalize.css \u001b[36m304 \u001b[0m0.661 ms - -\u001b[0m\n","timestamp":"2017-04-15T20:28:04.998Z"}
{"level":"info","message":"\u001b[0mGET /css/style.css \u001b[36m304 \u001b[0m0.767 ms - -\u001b[0m\n","timestamp":"2017-04-15T20:28:05.000Z"}
{"level":"info","message":"Eo3ZSwdSLGhdTHIDAAAE connected","timestamp":"2017-04-15T20:28:16.149Z"}
{"level":"info","message":"Eo3ZSwdSLGhdTHIDAAAE eventName:login message:failed with wrong password or username","timestamp":"2017-04-15T20:28:16.223Z"}
{"level":"info","message":"Qw5QZoOCDK063OpGAAAF connected","timestamp":"2017-04-15T20:28:26.473Z"}
{"level":"info","message":"Qw5QZoOCDK063OpGAAAF eventName:register message:failed with user exist","timestamp":"2017-04-15T20:28:26.487Z"}
{"level":"info","message":"TINpkUKTqkl_iTvJAAAG connected","timestamp":"2017-04-15T20:28:32.291Z"}
{"level":"info","message":"TINpkUKTqkl_iTvJAAAG eventName:login message:failed with wrong password or username","timestamp":"2017-04-15T20:28:32.368Z"}
{"level":"info","message":"R0EzisL65luRFAa5AAAH connected","timestamp":"2017-04-15T20:28:48.217Z"}
{"level":"info","message":"R0EzisL65luRFAa5AAAH eventName:register message:new user add to the database","timestamp":"2017-04-15T20:28:48.293Z"}
{"level":"info","message":"EGZHabLd-59DnIxvAAAI connected","timestamp":"2017-04-15T20:28:53.761Z"}
{"level":"info","message":"EGZHabLd-59DnIxvAAAI eventName:login message:login success","timestamp":"2017-04-15T20:28:53.831Z"}
{"level":"info","message":"\u001b[0mGET /mission.html \u001b[32m200 \u001b[0m0.391 ms - 8869\u001b[0m\n","timestamp":"2017-04-15T20:28:53.838Z"}
{"level":"info","message":"\u001b[0mGET /js/mission.js \u001b[32m200 \u001b[0m0.924 ms - 2172\u001b[0m\n","timestamp":"2017-04-15T20:28:53.865Z"}
{"level":"info","message":"\u001b[0mGET /css/mission.css \u001b[32m200 \u001b[0m1.075 ms - 3030\u001b[0m\n","timestamp":"2017-04-15T20:28:53.866Z"}
{"level":"info","message":"\u001b[0mGET /css/normalize.css \u001b[36m304 \u001b[0m0.421 ms - -\u001b[0m\n","timestamp":"2017-04-15T20:28:53.874Z"}
{"level":"info","message":"xJVD1McuLS3VqTn0AAAJ connected","timestamp":"2017-04-15T20:28:53.963Z"}
{"level":"info","message":"xJVD1McuLS3VqTn0AAAJ eventName:post_quest message:new questPosted","timestamp":"2017-04-15T20:29:05.772Z"}
{"level":"info","message":"\u001b[0mGET / \u001b[32m200 \u001b[0m1.518 ms - 2895\u001b[0m\n","timestamp":"2017-04-15T20:29:41.127Z"}
{"level":"info","message":"\u001b[0mGET /css/normalize.css \u001b[32m200 \u001b[0m0.713 ms - 8053\u001b[0m\n","timestamp":"2017-04-15T20:29:41.140Z"}
{"level":"info","message":"\u001b[0mGET /js/loading.js \u001b[32m200 \u001b[0m1.337 ms - 471\u001b[0m\n","timestamp":"2017-04-15T20:29:41.154Z"}
{"level":"info","message":"\u001b[0mGET /css/style.css \u001b[32m200 \u001b[0m2.310 ms - 3669\u001b[0m\n","timestamp":"2017-04-15T20:29:41.158Z"}
{"level":"info","message":"\u001b[0mGET /js/login.js \u001b[32m200 \u001b[0m6.258 ms - 1554\u001b[0m\n","timestamp":"2017-04-15T20:29:41.163Z"}
{"level":"info","message":"\u001b[0mGET /image/profile-green.png \u001b[32m200 \u001b[0m4.507 ms - 34293\u001b[0m\n","timestamp":"2017-04-15T20:29:41.166Z"}
{"level":"info","message":"\u001b[0mGET /image/wechat-icon.png \u001b[32m200 \u001b[0m4.748 ms - 61805\u001b[0m\n","timestamp":"2017-04-15T20:29:41.167Z"}
{"level":"info","message":"\u001b[0mGET /image/facebook-icon.png \u001b[32m200 \u001b[0m3.309 ms - 39937\u001b[0m\n","timestamp":"2017-04-15T20:29:41.168Z"}
{"level":"info","message":"\u001b[0mGET /image/weibo-icon.png \u001b[32m200 \u001b[0m6.144 ms - 93352\u001b[0m\n","timestamp":"2017-04-15T20:29:41.169Z"}
{"level":"info","message":"\u001b[0mGET /image/twitter-icon.png \u001b[32m200 \u001b[0m5.382 ms - 42256\u001b[0m\n","timestamp":"2017-04-15T20:29:41.170Z"}
{"level":"info","message":"\u001b[0mGET /favicon.ico \u001b[33m404 \u001b[0m2.187 ms - 150\u001b[0m\n","timestamp":"2017-04-15T20:29:41.512Z"}
{"level":"info","message":"5CYN0pBz8Tbz0XfWAAAK connected","timestamp":"2017-04-15T20:29:49.641Z"}
{"level":"info","message":"5CYN0pBz8Tbz0XfWAAAK eventName:register message:new user add to the database","timestamp":"2017-04-15T20:29:49.724Z"}
{"level":"info","message":"Uv58Sb8TRUdh79rOAAAL connected","timestamp":"2017-04-15T20:29:53.433Z"}
{"level":"info","message":"Uv58Sb8TRUdh79rOAAAL eventName:login message:login success","timestamp":"2017-04-15T20:29:53.496Z"}
{"level":"info","message":"\u001b[0mGET /mission.html \u001b[32m200 \u001b[0m0.832 ms - 8869\u001b[0m\n","timestamp":"2017-04-15T20:29:53.505Z"}
{"level":"info","message":"\u001b[0mGET /css/normalize.css \u001b[36m304 \u001b[0m0.358 ms - -\u001b[0m\n","timestamp":"2017-04-15T20:29:53.511Z"}
{"level":"info","message":"\u001b[0mGET /js/mission.js \u001b[32m200 \u001b[0m1.386 ms - 2172\u001b[0m\n","timestamp":"2017-04-15T20:29:53.512Z"}
{"level":"info","message":"\u001b[0mGET /css/mission.css \u001b[32m200 \u001b[0m2.293 ms - 3030\u001b[0m\n","timestamp":"2017-04-15T20:29:53.513Z"}
{"level":"info","message":"sQHhAgFA4dzbtyxAAAAM connected","timestamp":"2017-04-15T20:29:53.520Z"}
{"level":"info","message":"sQHhAgFA4dzbtyxAAAAM eventName:post_quest message:new questPosted","timestamp":"2017-04-15T20:30:44.412Z"}
{"level":"info","message":"\u001b[0mGET /mission.html \u001b[36m304 \u001b[0m0.342 ms - -\u001b[0m\n","timestamp":"2017-04-15T20:34:52.788Z"}
{"level":"info","message":"\u001b[0mGET /css/normalize.css \u001b[36m304 \u001b[0m1.896 ms - -\u001b[0m\n","timestamp":"2017-04-15T20:34:52.809Z"}
{"level":"info","message":"\u001b[0mGET /css/mission.css \u001b[36m304 \u001b[0m1.485 ms - -\u001b[0m\n","timestamp":"2017-04-15T20:34:52.810Z"}
{"level":"info","message":"\u001b[0mGET /js/mission.js \u001b[32m200 \u001b[0m2.269 ms - 2514\u001b[0m\n","timestamp":"2017-04-15T20:34:52.812Z"}
{"level":"info","message":"tOwd83riLFRSU12lAAAN connected","timestamp":"2017-04-15T20:34:52.866Z"}
{"level":"info","message":"\u001b[0mGET / \u001b[36m304 \u001b[0m0.382 ms - -\u001b[0m\n","timestamp":"2017-04-15T20:34:58.461Z"}
{"level":"info","message":"\u001b[0mGET /css/normalize.css \u001b[36m304 \u001b[0m1.930 ms - -\u001b[0m\n","timestamp":"2017-04-15T20:34:58.494Z"}
{"level":"info","message":"\u001b[0mGET /css/style.css \u001b[36m304 \u001b[0m1.810 ms - -\u001b[0m\n","timestamp":"2017-04-15T20:34:58.496Z"}
{"level":"info","message":"\u001b[0mGET /js/loading.js \u001b[36m304 \u001b[0m0.406 ms - -\u001b[0m\n","timestamp":"2017-04-15T20:34:58.504Z"}
{"level":"info","message":"\u001b[0mGET /js/login.js \u001b[36m304 \u001b[0m2.718 ms - -\u001b[0m\n","timestamp":"2017-04-15T20:34:58.511Z"}
{"level":"info","message":"\u001b[0mGET /image/profile-green.png \u001b[36m304 \u001b[0m2.206 ms - -\u001b[0m\n","timestamp":"2017-04-15T20:34:58.524Z"}
{"level":"info","message":"\u001b[0mGET /image/facebook-icon.png \u001b[36m304 \u001b[0m0.264 ms - -\u001b[0m\n","timestamp":"2017-04-15T20:34:58.531Z"}
{"level":"info","message":"\u001b[0mGET /image/wechat-icon.png \u001b[36m304 \u001b[0m0.374 ms - -\u001b[0m\n","timestamp":"2017-04-15T20:34:58.534Z"}
{"level":"info","message":"\u001b[0mGET /image/twitter-icon.png \u001b[36m304 \u001b[0m0.286 ms - -\u001b[0m\n","timestamp":"2017-04-15T20:34:58.540Z"}
{"level":"info","message":"\u001b[0mGET /image/weibo-icon.png \u001b[36m304 \u001b[0m0.439 ms - -\u001b[0m\n","timestamp":"2017-04-15T20:34:58.548Z"}
{"level":"info","message":"x28xzZ3p4Xeld8BCAAAO connected","timestamp":"2017-04-15T20:35:03.298Z"}
{"level":"info","message":"x28xzZ3p4Xeld8BCAAAO eventName:login message:login success","timestamp":"2017-04-15T20:35:03.377Z"}
{"level":"info","message":"\u001b[0mGET /mission.html \u001b[36m304 \u001b[0m0.400 ms - -\u001b[0m\n","timestamp":"2017-04-15T20:35:03.391Z"}
{"level":"info","message":"\u001b[0mGET /css/normalize.css \u001b[36m304 \u001b[0m7.910 ms - -\u001b[0m\n","timestamp":"2017-04-15T20:35:03.424Z"}
{"level":"info","message":"\u001b[0mGET /css/mission.css \u001b[36m304 \u001b[0m4.996 ms - -\u001b[0m\n","timestamp":"2017-04-15T20:35:03.426Z"}
{"level":"info","message":"\u001b[0mGET /js/mission.js \u001b[36m304 \u001b[0m4.006 ms - -\u001b[0m\n","timestamp":"2017-04-15T20:35:03.427Z"}
{"level":"info","message":"AQWTeHtfzHa923UsAAAP connected","timestamp":"2017-04-15T20:35:03.498Z"}
{"level":"info","message":"sQHhAgFA4dzbtyxAAAAM eventName:post_quest message:new questPosted","timestamp":"2017-04-15T20:35:18.185Z"}
{"level":"info","message":"\u001b[0mGET / \u001b[36m304 \u001b[0m0.297 ms - -\u001b[0m\n","timestamp":"2017-04-15T20:37:10.661Z"}
{"level":"info","message":"\u001b[0mGET /css/normalize.css \u001b[36m304 \u001b[0m0.629 ms - -\u001b[0m\n","timestamp":"2017-04-15T20:37:10.682Z"}
{"level":"info","message":"\u001b[0mGET /css/style.css \u001b[36m304 \u001b[0m0.884 ms - -\u001b[0m\n","timestamp":"2017-04-15T20:37:10.683Z"}
{"level":"info","message":"\u001b[0mGET /js/loading.js \u001b[36m304 \u001b[0m1.241 ms - -\u001b[0m\n","timestamp":"2017-04-15T20:37:10.696Z"}
{"level":"info","message":"\u001b[0mGET /js/login.js \u001b[36m304 \u001b[0m0.384 ms - -\u001b[0m\n","timestamp":"2017-04-15T20:37:10.700Z"}
{"level":"info","message":"\u001b[0mGET /image/profile-green.png \u001b[36m304 \u001b[0m0.411 ms - -\u001b[0m\n","timestamp":"2017-04-15T20:37:10.709Z"}
{"level":"info","message":"\u001b[0mGET /image/facebook-icon.png \u001b[36m304 \u001b[0m0.377 ms - -\u001b[0m\n","timestamp":"2017-04-15T20:37:10.714Z"}
{"level":"info","message":"\u001b[0mGET /image/wechat-icon.png \u001b[36m304 \u001b[0m0.364 ms - -\u001b[0m\n","timestamp":"2017-04-15T20:37:10.718Z"}
{"level":"info","message":"\u001b[0mGET /image/twitter-icon.png \u001b[36m304 \u001b[0m0.288 ms - -\u001b[0m\n","timestamp":"2017-04-15T20:37:10.723Z"}
{"level":"info","message":"\u001b[0mGET /image/weibo-icon.png \u001b[36m304 \u001b[0m0.719 ms - -\u001b[0m\n","timestamp":"2017-04-15T20:37:10.730Z"}
{"level":"info","message":"dYQYE-ZDNr6YyPD2AAAQ connected","timestamp":"2017-04-15T20:37:14.407Z"}
{"level":"info","message":"dYQYE-ZDNr6YyPD2AAAQ eventName:login message:login success","timestamp":"2017-04-15T20:37:14.479Z"}
{"level":"info","message":"\u001b[0mGET /mission.html \u001b[36m304 \u001b[0m0.475 ms - -\u001b[0m\n","timestamp":"2017-04-15T20:37:14.494Z"}
{"level":"info","message":"\u001b[0mGET /css/normalize.css \u001b[36m304 \u001b[0m1.206 ms - -\u001b[0m\n","timestamp":"2017-04-15T20:37:14.514Z"}
{"level":"info","message":"\u001b[0mGET /css/mission.css \u001b[36m304 \u001b[0m1.353 ms - -\u001b[0m\n","timestamp":"2017-04-15T20:37:14.516Z"}
{"level":"info","message":"\u001b[0mGET /js/mission.js \u001b[32m200 \u001b[0m2.867 ms - 2528\u001b[0m\n","timestamp":"2017-04-15T20:37:14.517Z"}
{"level":"info","message":"oS1Ez-te2xsoV90iAAAR connected","timestamp":"2017-04-15T20:37:14.585Z"}
{"level":"info","message":"sQHhAgFA4dzbtyxAAAAM eventName:post_quest message:new questPosted","timestamp":"2017-04-15T20:37:24.005Z"}
{"level":"info","message":"\u001b[0mGET /mission.html \u001b[32m200 \u001b[0m1.448 ms - 8869\u001b[0m\n","timestamp":"2017-04-15T20:38:17.714Z"}
{"level":"info","message":"\u001b[0mGET /css/mission.css \u001b[36m304 \u001b[0m0.669 ms - -\u001b[0m\n","timestamp":"2017-04-15T20:38:17.718Z"}
{"level":"info","message":"\u001b[0mGET /js/mission.js \u001b[32m200 \u001b[0m3.687 ms - 2532\u001b[0m\n","timestamp":"2017-04-15T20:38:17.720Z"}
{"level":"info","message":"\u001b[0mGET /css/mission.css \u001b[36m304 \u001b[0m1.050 ms - -\u001b[0m\n","timestamp":"2017-04-15T20:38:17.728Z"}
{"level":"info","message":"\u001b[0mGET /css/normalize.css \u001b[36m304 \u001b[0m0.709 ms - -\u001b[0m\n","timestamp":"2017-04-15T20:38:17.731Z"}
{"level":"info","message":"\u001b[0mGET /js/mission.js \u001b[32m200 \u001b[0m3.476 ms - 2532\u001b[0m\n","timestamp":"2017-04-15T20:38:17.731Z"}
{"level":"info","message":"ZiGDPAm0eyLTGsdgAAAS connected","timestamp":"2017-04-15T20:38:17.947Z"}
{"level":"info","message":"ZiGDPAm0eyLTGsdgAAAS eventName:post_quest message:new questPosted","timestamp":"2017-04-15T20:38:23.867Z"}
{"level":"info","message":"\u001b[0mGET /api/quest \u001b[32m200 \u001b[0m5.210 ms - 492\u001b[0m\n","timestamp":"2017-04-15T20:43:12.059Z"}
{"level":"info","message":"\u001b[0mGET /api/user/fghh \u001b[33m401 \u001b[0m3.621 ms - 12\u001b[0m\n","timestamp":"2017-04-15T20:43:21.576Z"}
{"level":"info","message":"\u001b[0mGET /api/user/111 \u001b[33m401 \u001b[0m0.956 ms - 12\u001b[0m\n","timestamp":"2017-04-15T20:43:33.759Z"}
{"level":"info","message":"\u001b[0mGET /api/user \u001b[31m501 \u001b[0m0.444 ms - 15\u001b[0m\n","timestamp":"2017-04-15T20:43:37.228Z"}
{"level":"info","message":"\u001b[0mGET /api \u001b[33m404 \u001b[0m1.208 ms - 142\u001b[0m\n","timestamp":"2017-04-15T20:43:42.014Z"}
{"level":"info","message":"\u001b[0mGET /api/quest \u001b[36m304 \u001b[0m2.040 ms - -\u001b[0m\n","timestamp":"2017-04-15T20:43:49.108Z"}
{"level":"info","message":"\u001b[0mGET /api/user/eyJhbGciOiJIUzI1NiIsInR5cCI6IkpXVCJ9.eyJ1c2VyTmFtZSI6IjExMSIsImV4cCI6MTQ5MjI5MjIzNCwiaWF0IjoxNDkyMjg4NjM0fQ.3sBulkwQ7E7OGDqiZOhvJx3gWlj_6GODMRIg-s-fRCk \u001b[32m200 \u001b[0m2.598 ms - 51\u001b[0m\n","timestamp":"2017-04-15T20:45:07.998Z"}
{"level":"info","message":"\u001b[0mGET / \u001b[36m304 \u001b[0m0.339 ms - -\u001b[0m\n","timestamp":"2017-04-15T20:51:05.237Z"}
{"level":"info","message":"\u001b[0mGET /css/normalize.css \u001b[36m304 \u001b[0m1.132 ms - -\u001b[0m\n","timestamp":"2017-04-15T20:51:05.275Z"}
{"level":"info","message":"\u001b[0mGET /css/style.css \u001b[36m304 \u001b[0m1.510 ms - -\u001b[0m\n","timestamp":"2017-04-15T20:51:05.276Z"}
{"level":"info","message":"\u001b[0mGET /js/loading.js \u001b[36m304 \u001b[0m3.019 ms - -\u001b[0m\n","timestamp":"2017-04-15T20:51:05.283Z"}
{"level":"info","message":"\u001b[0mGET /js/login.js \u001b[36m304 \u001b[0m0.491 ms - -\u001b[0m\n","timestamp":"2017-04-15T20:51:05.291Z"}
{"level":"info","message":"\u001b[0mGET /image/profile-green.png \u001b[36m304 \u001b[0m0.250 ms - -\u001b[0m\n","timestamp":"2017-04-15T20:51:05.293Z"}
{"level":"info","message":"\u001b[0mGET /image/facebook-icon.png \u001b[36m304 \u001b[0m0.267 ms - -\u001b[0m\n","timestamp":"2017-04-15T20:51:05.295Z"}
{"level":"info","message":"\u001b[0mGET /image/wechat-icon.png \u001b[36m304 \u001b[0m1.463 ms - -\u001b[0m\n","timestamp":"2017-04-15T20:51:05.299Z"}
{"level":"info","message":"\u001b[0mGET /image/twitter-icon.png \u001b[36m304 \u001b[0m0.489 ms - -\u001b[0m\n","timestamp":"2017-04-15T20:51:05.303Z"}
{"level":"info","message":"\u001b[0mGET /image/weibo-icon.png \u001b[36m304 \u001b[0m1.093 ms - -\u001b[0m\n","timestamp":"2017-04-15T20:51:05.306Z"}
{"level":"info","message":"ZtyJLoMmS3liwBVpAAAT connected","timestamp":"2017-04-15T20:51:08.892Z"}
{"level":"info","message":"ZtyJLoMmS3liwBVpAAAT eventName:login message:login success","timestamp":"2017-04-15T20:51:08.965Z"}
{"level":"info","message":"\u001b[0mGET /mission.html \u001b[32m200 \u001b[0m1.683 ms - 8962\u001b[0m\n","timestamp":"2017-04-15T20:51:08.983Z"}
{"level":"info","message":"\u001b[0mGET /css/normalize.css \u001b[36m304 \u001b[0m1.225 ms - -\u001b[0m\n","timestamp":"2017-04-15T20:51:08.998Z"}
{"level":"info","message":"\u001b[0mGET /css/mission.css \u001b[36m304 \u001b[0m1.343 ms - -\u001b[0m\n","timestamp":"2017-04-15T20:51:08.999Z"}
{"level":"info","message":"\u001b[0mGET /js/mission.js \u001b[32m200 \u001b[0m2.077 ms - 2806\u001b[0m\n","timestamp":"2017-04-15T20:51:09.000Z"}
{"level":"info","message":"9GKRnUmMe7lbMmPtAAAU connected","timestamp":"2017-04-15T20:51:09.126Z"}
{"level":"info","message":"\u001b[0mGET /localhost/api/user/eyJhbGciOiJIUzI1NiIsInR5cCI6IkpXVCJ9.eyJ1c2VyTmFtZSI6IjExMSIsImV4cCI6MTQ5MjI5MzA2OCwiaWF0IjoxNDkyMjg5NDY4fQ.TT2sNjgapEY_lBdVxwTLmr7y3mbLj07jLkyCVmnFp1E \u001b[33m404 \u001b[0m1.060 ms - 309\u001b[0m\n","timestamp":"2017-04-15T20:51:09.164Z"}
{"level":"info","message":"\u001b[0mGET /css/normalize.css \u001b[36m304 \u001b[0m0.796 ms - -\u001b[0m\n","timestamp":"2017-04-15T20:51:11.637Z"}
{"level":"info","message":"\u001b[0mGET /css/mission.css \u001b[36m304 \u001b[0m2.015 ms - -\u001b[0m\n","timestamp":"2017-04-15T20:51:11.638Z"}
{"level":"info","message":"\u001b[0mGET /api/user/eyJhbGciOiJIUzI1NiIsInR5cCI6IkpXVCJ9.eyJ1c2VyTmFtZSI6IjExMSIsImV4cCI6MTQ5MjI5MzA2OCwiaWF0IjoxNDkyMjg5NDY4fQ.TT2sNjgapEY_lBdVxwTLmr7y3mbLj07jLkyCVmnFp1E \u001b[32m200 \u001b[0m1.624 ms - 51\u001b[0m\n","timestamp":"2017-04-15T20:56:14.805Z"}
{"level":"info","message":"\u001b[0mGET /mission.html \u001b[36m304 \u001b[0m0.412 ms - -\u001b[0m\n","timestamp":"2017-04-15T20:57:21.201Z"}
{"level":"info","message":"\u001b[0mGET /css/normalize.css \u001b[36m304 \u001b[0m4.600 ms - -\u001b[0m\n","timestamp":"2017-04-15T20:57:21.222Z"}
{"level":"info","message":"\u001b[0mGET /css/mission.css \u001b[36m304 \u001b[0m3.887 ms - -\u001b[0m\n","timestamp":"2017-04-15T20:57:21.223Z"}
{"level":"info","message":"\u001b[0mGET /js/mission.js \u001b[32m200 \u001b[0m5.964 ms - 2769\u001b[0m\n","timestamp":"2017-04-15T20:57:21.226Z"}
{"level":"info","message":"eFmFQSO_sWr98bAUAAAV connected","timestamp":"2017-04-15T20:57:21.304Z"}
{"level":"info","message":"\u001b[0mGET /api/user/eyJhbGciOiJIUzI1NiIsInR5cCI6IkpXVCJ9.eyJ1c2VyTmFtZSI6IjExMSIsImV4cCI6MTQ5MjI5MzA2OCwiaWF0IjoxNDkyMjg5NDY4fQ.TT2sNjgapEY_lBdVxwTLmr7y3mbLj07jLkyCVmnFp1E \u001b[36m304 \u001b[0m1.940 ms - -\u001b[0m\n","timestamp":"2017-04-15T20:57:21.364Z"}
{"level":"info","message":"\u001b[0mGET /css/normalize.css \u001b[36m304 \u001b[0m0.847 ms - -\u001b[0m\n","timestamp":"2017-04-15T20:57:33.856Z"}
{"level":"info","message":"\u001b[0mGET /css/mission.css \u001b[36m304 \u001b[0m1.602 ms - -\u001b[0m\n","timestamp":"2017-04-15T20:57:33.858Z"}
{"level":"info","message":"\u001b[0mGET /api/user/eyJhbGciOiJIUzI1NiIsInR5cCI6IkpXVCJ9.eyJ1c2VyTmFtZSI6IjExMSIsImV4cCI6MTQ5MjI5MzA2OCwiaWF0IjoxNDkyMjg5NDY4fQ.TT2sNjgapEY_lBdVxwTLmr7y3mbLj07jLkyCVmnFp1E \u001b[36m304 \u001b[0m1.589 ms - -\u001b[0m\n","timestamp":"2017-04-15T20:58:51.928Z"}
{"level":"info","message":"\u001b[0mGET / \u001b[36m304 \u001b[0m0.358 ms - -\u001b[0m\n","timestamp":"2017-04-15T20:59:58.476Z"}
{"level":"info","message":"\u001b[0mGET /css/normalize.css \u001b[36m304 \u001b[0m0.794 ms - -\u001b[0m\n","timestamp":"2017-04-15T20:59:58.495Z"}
{"level":"info","message":"\u001b[0mGET /css/style.css \u001b[36m304 \u001b[0m1.147 ms - -\u001b[0m\n","timestamp":"2017-04-15T20:59:58.496Z"}
{"level":"info","message":"\u001b[0mGET /js/loading.js \u001b[36m304 \u001b[0m0.356 ms - -\u001b[0m\n","timestamp":"2017-04-15T20:59:58.502Z"}
{"level":"info","message":"\u001b[0mGET /js/login.js \u001b[36m304 \u001b[0m0.369 ms - -\u001b[0m\n","timestamp":"2017-04-15T20:59:58.505Z"}
{"level":"info","message":"\u001b[0mGET /image/profile-green.png \u001b[36m304 \u001b[0m0.298 ms - -\u001b[0m\n","timestamp":"2017-04-15T20:59:58.507Z"}
{"level":"info","message":"\u001b[0mGET /image/facebook-icon.png \u001b[36m304 \u001b[0m1.820 ms - -\u001b[0m\n","timestamp":"2017-04-15T20:59:58.515Z"}
{"level":"info","message":"\u001b[0mGET /image/wechat-icon.png \u001b[36m304 \u001b[0m0.326 ms - -\u001b[0m\n","timestamp":"2017-04-15T20:59:58.519Z"}
{"level":"info","message":"\u001b[0mGET /image/twitter-icon.png \u001b[36m304 \u001b[0m4.381 ms - -\u001b[0m\n","timestamp":"2017-04-15T20:59:58.528Z"}
{"level":"info","message":"\u001b[0mGET /image/weibo-icon.png \u001b[36m304 \u001b[0m2.629 ms - -\u001b[0m\n","timestamp":"2017-04-15T20:59:58.534Z"}
{"level":"info","message":"GBSg3EN99k1ZlP8eAAAW connected","timestamp":"2017-04-15T21:00:02.300Z"}
{"level":"info","message":"GBSg3EN99k1ZlP8eAAAW eventName:login message:login success","timestamp":"2017-04-15T21:00:02.373Z"}
{"level":"info","message":"\u001b[0mGET /mission.html \u001b[36m304 \u001b[0m0.287 ms - -\u001b[0m\n","timestamp":"2017-04-15T21:00:02.381Z"}
{"level":"info","message":"\u001b[0mGET /css/normalize.css \u001b[36m304 \u001b[0m0.671 ms - -\u001b[0m\n","timestamp":"2017-04-15T21:00:02.396Z"}
{"level":"info","message":"\u001b[0mGET /css/mission.css \u001b[36m304 \u001b[0m0.967 ms - -\u001b[0m\n","timestamp":"2017-04-15T21:00:02.397Z"}
{"level":"info","message":"\u001b[0mGET /js/mission.js \u001b[32m200 \u001b[0m3.324 ms - 2787\u001b[0m\n","timestamp":"2017-04-15T21:00:02.401Z"}
{"level":"info","message":"4boLK6WB2NuxySbRAAAX connected","timestamp":"2017-04-15T21:00:02.437Z"}
{"level":"info","message":"\u001b[0mGET /api/user/eyJhbGciOiJIUzI1NiIsInR5cCI6IkpXVCJ9.eyJ1c2VyTmFtZSI6IjExMSIsImV4cCI6MTQ5MjI5MzYwMiwiaWF0IjoxNDkyMjkwMDAyfQ.2m96Ry9OiJeWCDwHIWRyUeko_Z4e2LUpWC0P87dIs_c \u001b[32m200 \u001b[0m2.701 ms - 51\u001b[0m\n","timestamp":"2017-04-15T21:00:02.489Z"}
{"level":"info","message":"\u001b[0mGET /css/normalize.css \u001b[36m304 \u001b[0m1.499 ms - -\u001b[0m\n","timestamp":"2017-04-15T21:00:05.128Z"}
{"level":"info","message":"\u001b[0mGET /css/mission.css \u001b[36m304 \u001b[0m1.564 ms - -\u001b[0m\n","timestamp":"2017-04-15T21:00:05.128Z"}
{"level":"info","message":"\u001b[0mGET / \u001b[36m304 \u001b[0m0.351 ms - -\u001b[0m\n","timestamp":"2017-04-15T21:00:46.364Z"}
{"level":"info","message":"\u001b[0mGET /css/normalize.css \u001b[36m304 \u001b[0m0.752 ms - -\u001b[0m\n","timestamp":"2017-04-15T21:00:46.388Z"}
{"level":"info","message":"\u001b[0mGET /css/style.css \u001b[36m304 \u001b[0m0.894 ms - -\u001b[0m\n","timestamp":"2017-04-15T21:00:46.388Z"}
{"level":"info","message":"\u001b[0mGET /js/loading.js \u001b[36m304 \u001b[0m0.393 ms - -\u001b[0m\n","timestamp":"2017-04-15T21:00:46.398Z"}
{"level":"info","message":"\u001b[0mGET /js/login.js \u001b[36m304 \u001b[0m0.375 ms - -\u001b[0m\n","timestamp":"2017-04-15T21:00:46.401Z"}
{"level":"info","message":"\u001b[0mGET /image/profile-green.png \u001b[36m304 \u001b[0m0.412 ms - -\u001b[0m\n","timestamp":"2017-04-15T21:00:46.406Z"}
{"level":"info","message":"\u001b[0mGET /image/facebook-icon.png \u001b[36m304 \u001b[0m0.565 ms - -\u001b[0m\n","timestamp":"2017-04-15T21:00:46.410Z"}
{"level":"info","message":"\u001b[0mGET /image/wechat-icon.png \u001b[36m304 \u001b[0m0.320 ms - -\u001b[0m\n","timestamp":"2017-04-15T21:00:46.412Z"}
{"level":"info","message":"\u001b[0mGET /image/twitter-icon.png \u001b[36m304 \u001b[0m0.333 ms - -\u001b[0m\n","timestamp":"2017-04-15T21:00:46.415Z"}
{"level":"info","message":"\u001b[0mGET /image/weibo-icon.png \u001b[36m304 \u001b[0m1.921 ms - -\u001b[0m\n","timestamp":"2017-04-15T21:00:46.419Z"}
{"level":"info","message":"vlJwNuZyrqHkcAgaAAAY connected","timestamp":"2017-04-15T21:00:50.172Z"}
{"level":"info","message":"vlJwNuZyrqHkcAgaAAAY eventName:login message:login success","timestamp":"2017-04-15T21:00:50.244Z"}
{"level":"info","message":"\u001b[0mGET /mission.html \u001b[36m304 \u001b[0m0.256 ms - -\u001b[0m\n","timestamp":"2017-04-15T21:00:50.255Z"}
{"level":"info","message":"\u001b[0mGET /css/normalize.css \u001b[36m304 \u001b[0m2.261 ms - -\u001b[0m\n","timestamp":"2017-04-15T21:00:50.275Z"}
{"level":"info","message":"\u001b[0mGET /css/mission.css \u001b[36m304 \u001b[0m2.335 ms - -\u001b[0m\n","timestamp":"2017-04-15T21:00:50.275Z"}
{"level":"info","message":"\u001b[0mGET /js/mission.js \u001b[32m200 \u001b[0m2.474 ms - 2852\u001b[0m\n","timestamp":"2017-04-15T21:00:50.276Z"}
{"level":"info","message":"Qe7Q7MYF0PgQqJSlAAAZ connected","timestamp":"2017-04-15T21:00:50.375Z"}
{"level":"info","message":"\u001b[0mGET /api/user/eyJhbGciOiJIUzI1NiIsInR5cCI6IkpXVCJ9.eyJ1c2VyTmFtZSI6IjExMSIsImV4cCI6MTQ5MjI5MzY1MCwiaWF0IjoxNDkyMjkwMDUwfQ.fQaAqlIjH0r2DfpcXiZFfG47FBZmW2NMI0HpbycIyDY \u001b[32m200 \u001b[0m2.410 ms - 51\u001b[0m\n","timestamp":"2017-04-15T21:00:50.450Z"}
{"level":"info","message":"\u001b[0mGET / \u001b[36m304 \u001b[0m0.302 ms - -\u001b[0m\n","timestamp":"2017-04-15T21:01:03.199Z"}
{"level":"info","message":"\u001b[0mGET /css/normalize.css \u001b[36m304 \u001b[0m0.478 ms - -\u001b[0m\n","timestamp":"2017-04-15T21:01:03.221Z"}
{"level":"info","message":"\u001b[0mGET /js/loading.js \u001b[36m304 \u001b[0m1.783 ms - -\u001b[0m\n","timestamp":"2017-04-15T21:01:03.232Z"}
{"level":"info","message":"\u001b[0mGET /image/profile-green.png \u001b[36m304 \u001b[0m4.786 ms - -\u001b[0m\n","timestamp":"2017-04-15T21:01:03.237Z"}
{"level":"info","message":"\u001b[0mGET /css/style.css \u001b[36m304 \u001b[0m5.397 ms - -\u001b[0m\n","timestamp":"2017-04-15T21:01:03.238Z"}
{"level":"info","message":"\u001b[0mGET /image/facebook-icon.png \u001b[36m304 \u001b[0m4.744 ms - -\u001b[0m\n","timestamp":"2017-04-15T21:01:03.239Z"}
{"level":"info","message":"\u001b[0mGET /image/wechat-icon.png \u001b[36m304 \u001b[0m3.849 ms - -\u001b[0m\n","timestamp":"2017-04-15T21:01:03.240Z"}
{"level":"info","message":"\u001b[0mGET /image/twitter-icon.png \u001b[36m304 \u001b[0m4.394 ms - -\u001b[0m\n","timestamp":"2017-04-15T21:01:03.241Z"}
{"level":"info","message":"\u001b[0mGET /js/login.js \u001b[36m304 \u001b[0m6.334 ms - -\u001b[0m\n","timestamp":"2017-04-15T21:01:03.243Z"}
{"level":"info","message":"\u001b[0mGET /image/weibo-icon.png \u001b[36m304 \u001b[0m0.336 ms - -\u001b[0m\n","timestamp":"2017-04-15T21:01:03.244Z"}
{"level":"info","message":"OXnljbxYt1BynRhTAAAa connected","timestamp":"2017-04-15T21:01:06.104Z"}
{"level":"info","message":"OXnljbxYt1BynRhTAAAa eventName:login message:login success","timestamp":"2017-04-15T21:01:06.177Z"}
{"level":"info","message":"\u001b[0mGET /mission.html \u001b[32m200 \u001b[0m0.969 ms - 8962\u001b[0m\n","timestamp":"2017-04-15T21:01:06.195Z"}
{"level":"info","message":"\u001b[0mGET /css/normalize.css \u001b[36m304 \u001b[0m1.615 ms - -\u001b[0m\n","timestamp":"2017-04-15T21:01:06.210Z"}
{"level":"info","message":"\u001b[0mGET /css/mission.css \u001b[36m304 \u001b[0m1.592 ms - -\u001b[0m\n","timestamp":"2017-04-15T21:01:06.211Z"}
{"level":"info","message":"\u001b[0mGET /js/mission.js \u001b[32m200 \u001b[0m1.947 ms - 2852\u001b[0m\n","timestamp":"2017-04-15T21:01:06.214Z"}
{"level":"info","message":"fwGGAY9fC04tpiv7AAAb connected","timestamp":"2017-04-15T21:01:06.400Z"}
{"level":"info","message":"\u001b[0mGET /api/user/eyJhbGciOiJIUzI1NiIsInR5cCI6IkpXVCJ9.eyJ1c2VyTmFtZSI6IjEiLCJleHAiOjE0OTIyOTM2NjYsImlhdCI6MTQ5MjI5MDA2Nn0.IR3uVGdMfufzlNeFmeJsjxdJuw2EkSlVtAPpwpsJcH8 \u001b[32m200 \u001b[0m1.833 ms - 49\u001b[0m\n","timestamp":"2017-04-15T21:01:06.415Z"}
{"level":"info","message":"fwGGAY9fC04tpiv7AAAb eventName:post_quest message:new questPosted","timestamp":"2017-04-15T21:01:12.762Z"}
{"level":"info","message":"Qe7Q7MYF0PgQqJSlAAAZ eventName:post_quest message:new questPosted","timestamp":"2017-04-15T21:01:19.841Z"}
{"level":"info","message":"\u001b[0mGET / \u001b[36m304 \u001b[0m1.010 ms - -\u001b[0m\n","timestamp":"2017-04-15T21:03:22.780Z"}
{"level":"info","message":"\u001b[0mGET /css/normalize.css \u001b[36m304 \u001b[0m1.428 ms - -\u001b[0m\n","timestamp":"2017-04-15T21:03:22.805Z"}
{"level":"info","message":"\u001b[0mGET /css/style.css \u001b[36m304 \u001b[0m1.007 ms - -\u001b[0m\n","timestamp":"2017-04-15T21:03:22.806Z"}
{"level":"info","message":"\u001b[0mGET /js/loading.js \u001b[36m304 \u001b[0m0.414 ms - -\u001b[0m\n","timestamp":"2017-04-15T21:03:22.814Z"}
{"level":"info","message":"\u001b[0mGET /js/login.js \u001b[36m304 \u001b[0m0.451 ms - -\u001b[0m\n","timestamp":"2017-04-15T21:03:22.820Z"}
{"level":"info","message":"\u001b[0mGET /image/profile-green.png \u001b[36m304 \u001b[0m0.350 ms - -\u001b[0m\n","timestamp":"2017-04-15T21:03:22.826Z"}
{"level":"info","message":"\u001b[0mGET /image/facebook-icon.png \u001b[36m304 \u001b[0m0.423 ms - -\u001b[0m\n","timestamp":"2017-04-15T21:03:22.830Z"}
{"level":"info","message":"\u001b[0mGET /image/wechat-icon.png \u001b[36m304 \u001b[0m1.614 ms - -\u001b[0m\n","timestamp":"2017-04-15T21:03:22.835Z"}
{"level":"info","message":"\u001b[0mGET /image/twitter-icon.png \u001b[36m304 \u001b[0m0.402 ms - -\u001b[0m\n","timestamp":"2017-04-15T21:03:22.840Z"}
{"level":"info","message":"\u001b[0mGET /image/weibo-icon.png \u001b[36m304 \u001b[0m0.302 ms - -\u001b[0m\n","timestamp":"2017-04-15T21:03:22.843Z"}
{"level":"info","message":"htVa-RgRcOg8InDsAAAc connected","timestamp":"2017-04-15T21:03:26.179Z"}
{"level":"info","message":"htVa-RgRcOg8InDsAAAc eventName:login message:login success","timestamp":"2017-04-15T21:03:26.249Z"}
{"level":"info","message":"\u001b[0mGET /mission.html \u001b[32m200 \u001b[0m0.406 ms - 8971\u001b[0m\n","timestamp":"2017-04-15T21:03:26.260Z"}
{"level":"info","message":"\u001b[0mGET /css/normalize.css \u001b[36m304 \u001b[0m0.615 ms - -\u001b[0m\n","timestamp":"2017-04-15T21:03:26.283Z"}
{"level":"info","message":"\u001b[0mGET /css/mission.css \u001b[36m304 \u001b[0m0.864 ms - -\u001b[0m\n","timestamp":"2017-04-15T21:03:26.284Z"}
{"level":"info","message":"\u001b[0mGET /js/mission.js \u001b[36m304 \u001b[0m0.750 ms - -\u001b[0m\n","timestamp":"2017-04-15T21:03:26.287Z"}
{"level":"info","message":"QRqNFR4Z1SJqervjAAAd connected","timestamp":"2017-04-15T21:03:26.375Z"}
{"level":"info","message":"\u001b[0mGET /api/user/eyJhbGciOiJIUzI1NiIsInR5cCI6IkpXVCJ9.eyJ1c2VyTmFtZSI6IjExMSIsImV4cCI6MTQ5MjI5MzgwNiwiaWF0IjoxNDkyMjkwMjA2fQ.hcQquKq23jmi1q1irb0eNiXn21NOciDM8VMVXcWqboc \u001b[32m200 \u001b[0m5.998 ms - 51\u001b[0m\n","timestamp":"2017-04-15T21:03:26.447Z"}
{"level":"info","message":"\u001b[0mGET / \u001b[36m304 \u001b[0m0.211 ms - -\u001b[0m\n","timestamp":"2017-04-15T21:03:32.868Z"}
{"level":"info","message":"\u001b[0mGET /css/normalize.css \u001b[36m304 \u001b[0m0.377 ms - -\u001b[0m\n","timestamp":"2017-04-15T21:03:32.886Z"}
{"level":"info","message":"\u001b[0mGET /js/loading.js \u001b[36m304 \u001b[0m10.156 ms - -\u001b[0m\n","timestamp":"2017-04-15T21:03:32.906Z"}
{"level":"info","message":"\u001b[0mGET /css/style.css \u001b[36m304 \u001b[0m6.926 ms - -\u001b[0m\n","timestamp":"2017-04-15T21:03:32.906Z"}
{"level":"info","message":"\u001b[0mGET /image/profile-green.png \u001b[36m304 \u001b[0m7.275 ms - -\u001b[0m\n","timestamp":"2017-04-15T21:03:32.910Z"}
{"level":"info","message":"\u001b[0mGET /image/facebook-icon.png \u001b[36m304 \u001b[0m10.343 ms - -\u001b[0m\n","timestamp":"2017-04-15T21:03:32.910Z"}
{"level":"info","message":"\u001b[0mGET /image/wechat-icon.png \u001b[36m304 \u001b[0m7.274 ms - -\u001b[0m\n","timestamp":"2017-04-15T21:03:32.912Z"}
{"level":"info","message":"\u001b[0mGET /image/twitter-icon.png \u001b[36m304 \u001b[0m3.235 ms - -\u001b[0m\n","timestamp":"2017-04-15T21:03:32.914Z"}
{"level":"info","message":"\u001b[0mGET /js/login.js \u001b[36m304 \u001b[0m1.883 ms - -\u001b[0m\n","timestamp":"2017-04-15T21:03:32.915Z"}
{"level":"info","message":"\u001b[0mGET /image/weibo-icon.png \u001b[36m304 \u001b[0m2.576 ms - -\u001b[0m\n","timestamp":"2017-04-15T21:03:32.916Z"}
{"level":"info","message":"VZlSRaw06170rfVMAAAe connected","timestamp":"2017-04-15T21:03:35.133Z"}
{"level":"info","message":"VZlSRaw06170rfVMAAAe eventName:login message:login success","timestamp":"2017-04-15T21:03:35.210Z"}
{"level":"info","message":"\u001b[0mGET /mission.html \u001b[32m200 \u001b[0m0.514 ms - 8971\u001b[0m\n","timestamp":"2017-04-15T21:03:35.218Z"}
{"level":"info","message":"\u001b[0mGET /css/normalize.css \u001b[36m304 \u001b[0m1.815 ms - -\u001b[0m\n","timestamp":"2017-04-15T21:03:35.231Z"}
{"level":"info","message":"\u001b[0mGET /css/mission.css \u001b[36m304 \u001b[0m1.262 ms - -\u001b[0m\n","timestamp":"2017-04-15T21:03:35.232Z"}
{"level":"info","message":"\u001b[0mGET /js/mission.js \u001b[36m304 \u001b[0m2.032 ms - -\u001b[0m\n","timestamp":"2017-04-15T21:03:35.233Z"}
{"level":"info","message":"8mZx17AXYf5Pc__fAAAf connected","timestamp":"2017-04-15T21:03:35.249Z"}
{"level":"info","message":"\u001b[0mGET /api/user/eyJhbGciOiJIUzI1NiIsInR5cCI6IkpXVCJ9.eyJ1c2VyTmFtZSI6IjEiLCJleHAiOjE0OTIyOTM4MTUsImlhdCI6MTQ5MjI5MDIxNX0.UV1YXfW_xNac5aLXCqDK76Na7ACicfRMkYMH7XHrguo \u001b[32m200 \u001b[0m5.696 ms - 49\u001b[0m\n","timestamp":"2017-04-15T21:03:35.276Z"}
{"level":"info","message":"8mZx17AXYf5Pc__fAAAf eventName:post_quest message:new questPosted","timestamp":"2017-04-15T21:03:39.995Z"}
{"level":"info","message":"QRqNFR4Z1SJqervjAAAd eventName:post_quest message:new questPosted","timestamp":"2017-04-15T21:03:46.220Z"}
{"level":"info","message":"8mZx17AXYf5Pc__fAAAf eventName:post_quest message:new questPosted","timestamp":"2017-04-15T21:07:37.451Z"}
{"level":"info","message":"QRqNFR4Z1SJqervjAAAd eventName:post_quest message:new questPosted","timestamp":"2017-04-15T21:07:43.279Z"}
{"level":"info","message":"Sever is listening on 58071","timestamp":"2017-04-15T21:08:45.762Z"}
{"level":"info","message":"\u001b[0mGET / \u001b[32m200 \u001b[0m10.928 ms - 2895\u001b[0m\n","timestamp":"2017-04-15T21:08:54.826Z"}
{"level":"info","message":"\u001b[0mGET /css/style.css \u001b[32m200 \u001b[0m6.842 ms - 3669\u001b[0m\n","timestamp":"2017-04-15T21:08:54.851Z"}
{"level":"info","message":"\u001b[0mGET /css/normalize.css \u001b[32m200 \u001b[0m13.443 ms - 8053\u001b[0m\n","timestamp":"2017-04-15T21:08:54.854Z"}
{"level":"info","message":"\u001b[0mGET /js/loading.js \u001b[32m200 \u001b[0m12.102 ms - 471\u001b[0m\n","timestamp":"2017-04-15T21:08:54.869Z"}
{"level":"info","message":"\u001b[0mGET /js/login.js \u001b[32m200 \u001b[0m9.841 ms - 1554\u001b[0m\n","timestamp":"2017-04-15T21:08:54.887Z"}
{"level":"info","message":"\u001b[0mGET /image/profile-green.png \u001b[32m200 \u001b[0m8.826 ms - 34293\u001b[0m\n","timestamp":"2017-04-15T21:08:54.906Z"}
{"level":"info","message":"\u001b[0mGET /image/facebook-icon.png \u001b[32m200 \u001b[0m1.320 ms - 39937\u001b[0m\n","timestamp":"2017-04-15T21:08:54.913Z"}
{"level":"info","message":"\u001b[0mGET /image/wechat-icon.png \u001b[32m200 \u001b[0m1.318 ms - 61805\u001b[0m\n","timestamp":"2017-04-15T21:08:54.917Z"}
{"level":"info","message":"\u001b[0mGET /image/twitter-icon.png \u001b[32m200 \u001b[0m1.581 ms - 42256\u001b[0m\n","timestamp":"2017-04-15T21:08:54.922Z"}
{"level":"info","message":"\u001b[0mGET /image/weibo-icon.png \u001b[32m200 \u001b[0m1.042 ms - 93352\u001b[0m\n","timestamp":"2017-04-15T21:08:54.931Z"}
{"level":"info","message":"\u001b[0mGET /favicon.ico \u001b[33m404 \u001b[0m2.859 ms - 150\u001b[0m\n","timestamp":"2017-04-15T21:08:55.067Z"}
{"level":"info","message":"QVQwUfRw3mqYEGHkAAAA connected","timestamp":"2017-04-15T21:09:00.536Z"}
{"level":"info","message":"QVQwUfRw3mqYEGHkAAAA eventName:login message:login success","timestamp":"2017-04-15T21:09:00.640Z"}
{"level":"info","message":"\u001b[0mGET /mission.html \u001b[32m200 \u001b[0m4.256 ms - 8971\u001b[0m\n","timestamp":"2017-04-15T21:09:00.659Z"}
{"level":"info","message":"\u001b[0mGET /css/normalize.css \u001b[36m304 \u001b[0m3.203 ms - -\u001b[0m\n","timestamp":"2017-04-15T21:09:00.708Z"}
{"level":"info","message":"\u001b[0mGET /js/mission.js \u001b[32m200 \u001b[0m17.187 ms - 2852\u001b[0m\n","timestamp":"2017-04-15T21:09:00.720Z"}
{"level":"info","message":"\u001b[0mGET /css/mission.css \u001b[32m200 \u001b[0m19.057 ms - 3030\u001b[0m\n","timestamp":"2017-04-15T21:09:00.721Z"}
{"level":"info","message":"5Ydubox9mQz-IMvNAAAB connected","timestamp":"2017-04-15T21:09:00.806Z"}
{"level":"info","message":"\u001b[0mGET /api/user/eyJhbGciOiJIUzI1NiIsInR5cCI6IkpXVCJ9.eyJ1c2VyTmFtZSI6IjExMSIsImV4cCI6MTQ5MjI5NDE0MCwiaWF0IjoxNDkyMjkwNTQwfQ.gGR7rWk89jhL7NEL9UpgDE_02iOvOmg6TeFiMoMzZw4 \u001b[32m200 \u001b[0m11.913 ms - 51\u001b[0m\n","timestamp":"2017-04-15T21:09:00.903Z"}
{"level":"info","message":"\u001b[0mGET / \u001b[36m304 \u001b[0m0.876 ms - -\u001b[0m\n","timestamp":"2017-04-15T21:11:35.702Z"}
{"level":"info","message":"\u001b[0mGET /css/normalize.css \u001b[36m304 \u001b[0m4.801 ms - -\u001b[0m\n","timestamp":"2017-04-15T21:11:35.727Z"}
{"level":"info","message":"\u001b[0mGET /css/style.css \u001b[36m304 \u001b[0m1.517 ms - -\u001b[0m\n","timestamp":"2017-04-15T21:11:35.728Z"}
{"level":"info","message":"\u001b[0mGET /js/loading.js \u001b[36m304 \u001b[0m0.916 ms - -\u001b[0m\n","timestamp":"2017-04-15T21:11:35.751Z"}
{"level":"info","message":"\u001b[0mGET /js/login.js \u001b[36m304 \u001b[0m0.791 ms - -\u001b[0m\n","timestamp":"2017-04-15T21:11:35.755Z"}
{"level":"info","message":"\u001b[0mGET /image/profile-green.png \u001b[36m304 \u001b[0m0.406 ms - -\u001b[0m\n","timestamp":"2017-04-15T21:11:35.760Z"}
{"level":"info","message":"\u001b[0mGET /image/facebook-icon.png \u001b[36m304 \u001b[0m0.524 ms - -\u001b[0m\n","timestamp":"2017-04-15T21:11:35.763Z"}
{"level":"info","message":"\u001b[0mGET /image/wechat-icon.png \u001b[36m304 \u001b[0m0.284 ms - -\u001b[0m\n","timestamp":"2017-04-15T21:11:35.766Z"}
{"level":"info","message":"\u001b[0mGET /image/twitter-icon.png \u001b[36m304 \u001b[0m0.336 ms - -\u001b[0m\n","timestamp":"2017-04-15T21:11:35.768Z"}
{"level":"info","message":"\u001b[0mGET /image/weibo-icon.png \u001b[36m304 \u001b[0m1.172 ms - -\u001b[0m\n","timestamp":"2017-04-15T21:11:35.773Z"}
{"level":"info","message":"9TphBrDk7q0GGE13AAAC connected","timestamp":"2017-04-15T21:11:39.208Z"}
{"level":"info","message":"9TphBrDk7q0GGE13AAAC eventName:login message:login success","timestamp":"2017-04-15T21:11:39.286Z"}
{"level":"info","message":"\u001b[0mGET /mission.html \u001b[36m304 \u001b[0m0.388 ms - -\u001b[0m\n","timestamp":"2017-04-15T21:11:39.300Z"}
{"level":"info","message":"\u001b[0mGET /css/normalize.css \u001b[36m304 \u001b[0m5.677 ms - -\u001b[0m\n","timestamp":"2017-04-15T21:11:39.323Z"}
{"level":"info","message":"\u001b[0mGET /css/mission.css \u001b[36m304 \u001b[0m5.473 ms - -\u001b[0m\n","timestamp":"2017-04-15T21:11:39.323Z"}
{"level":"info","message":"\u001b[0mGET /js/mission.js \u001b[32m200 \u001b[0m4.047 ms - 3304\u001b[0m\n","timestamp":"2017-04-15T21:11:39.325Z"}
{"level":"info","message":"\u001b[0mGET / \u001b[36m304 \u001b[0m0.401 ms - -\u001b[0m\n","timestamp":"2017-04-15T21:12:03.031Z"}
{"level":"info","message":"\u001b[0mGET /css/normalize.css \u001b[36m304 \u001b[0m1.540 ms - -\u001b[0m\n","timestamp":"2017-04-15T21:12:03.062Z"}
{"level":"info","message":"\u001b[0mGET /css/style.css \u001b[36m304 \u001b[0m1.806 ms - -\u001b[0m\n","timestamp":"2017-04-15T21:12:03.063Z"}
{"level":"info","message":"\u001b[0mGET /js/loading.js \u001b[36m304 \u001b[0m0.509 ms - -\u001b[0m\n","timestamp":"2017-04-15T21:12:03.070Z"}
{"level":"info","message":"\u001b[0mGET /js/login.js \u001b[36m304 \u001b[0m2.561 ms - -\u001b[0m\n","timestamp":"2017-04-15T21:12:03.081Z"}
{"level":"info","message":"\u001b[0mGET /image/profile-green.png \u001b[36m304 \u001b[0m0.660 ms - -\u001b[0m\n","timestamp":"2017-04-15T21:12:03.088Z"}
{"level":"info","message":"\u001b[0mGET /image/facebook-icon.png \u001b[36m304 \u001b[0m1.008 ms - -\u001b[0m\n","timestamp":"2017-04-15T21:12:03.093Z"}
{"level":"info","message":"\u001b[0mGET /image/wechat-icon.png \u001b[36m304 \u001b[0m2.379 ms - -\u001b[0m\n","timestamp":"2017-04-15T21:12:03.100Z"}
{"level":"info","message":"\u001b[0mGET /image/twitter-icon.png \u001b[36m304 \u001b[0m0.307 ms - -\u001b[0m\n","timestamp":"2017-04-15T21:12:03.104Z"}
{"level":"info","message":"\u001b[0mGET /image/weibo-icon.png \u001b[36m304 \u001b[0m0.306 ms - -\u001b[0m\n","timestamp":"2017-04-15T21:12:03.108Z"}
{"level":"info","message":"2-TCH9J24P7F-NKEAAAD connected","timestamp":"2017-04-15T21:12:05.896Z"}
{"level":"info","message":"2-TCH9J24P7F-NKEAAAD eventName:login message:login success","timestamp":"2017-04-15T21:12:05.975Z"}
{"level":"info","message":"\u001b[0mGET /mission.html \u001b[36m304 \u001b[0m0.262 ms - -\u001b[0m\n","timestamp":"2017-04-15T21:12:05.986Z"}
{"level":"info","message":"\u001b[0mGET /css/mission.css \u001b[36m304 \u001b[0m1.288 ms - -\u001b[0m\n","timestamp":"2017-04-15T21:12:06.016Z"}
{"level":"info","message":"\u001b[0mGET /css/normalize.css \u001b[36m304 \u001b[0m1.554 ms - -\u001b[0m\n","timestamp":"2017-04-15T21:12:06.017Z"}
{"level":"info","message":"\u001b[0mGET /js/mission.js \u001b[32m200 \u001b[0m7.997 ms - 3307\u001b[0m\n","timestamp":"2017-04-15T21:12:06.024Z"}
{"level":"info","message":"\u001b[0mGET / \u001b[36m304 \u001b[0m0.396 ms - -\u001b[0m\n","timestamp":"2017-04-15T21:12:21.875Z"}
{"level":"info","message":"\u001b[0mGET /css/normalize.css \u001b[36m304 \u001b[0m0.895 ms - -\u001b[0m\n","timestamp":"2017-04-15T21:12:21.898Z"}
{"level":"info","message":"\u001b[0mGET /css/style.css \u001b[36m304 \u001b[0m3.263 ms - -\u001b[0m\n","timestamp":"2017-04-15T21:12:21.901Z"}
{"level":"info","message":"\u001b[0mGET /js/loading.js \u001b[36m304 \u001b[0m0.438 ms - -\u001b[0m\n","timestamp":"2017-04-15T21:12:21.909Z"}
{"level":"info","message":"\u001b[0mGET /js/login.js \u001b[36m304 \u001b[0m2.133 ms - -\u001b[0m\n","timestamp":"2017-04-15T21:12:21.922Z"}
{"level":"info","message":"\u001b[0mGET /image/profile-green.png \u001b[36m304 \u001b[0m0.446 ms - -\u001b[0m\n","timestamp":"2017-04-15T21:12:21.926Z"}
{"level":"info","message":"\u001b[0mGET /image/facebook-icon.png \u001b[36m304 \u001b[0m0.470 ms - -\u001b[0m\n","timestamp":"2017-04-15T21:12:21.930Z"}
{"level":"info","message":"\u001b[0mGET /image/wechat-icon.png \u001b[36m304 \u001b[0m1.147 ms - -\u001b[0m\n","timestamp":"2017-04-15T21:12:21.936Z"}
{"level":"info","message":"\u001b[0mGET /image/twitter-icon.png \u001b[36m304 \u001b[0m0.400 ms - -\u001b[0m\n","timestamp":"2017-04-15T21:12:21.940Z"}
{"level":"info","message":"\u001b[0mGET /image/weibo-icon.png \u001b[36m304 \u001b[0m0.644 ms - -\u001b[0m\n","timestamp":"2017-04-15T21:12:21.946Z"}
{"level":"info","message":"iLXo2wXGTQ_L4BO6AAAE connected","timestamp":"2017-04-15T21:12:25.694Z"}
{"level":"info","message":"iLXo2wXGTQ_L4BO6AAAE eventName:login message:login success","timestamp":"2017-04-15T21:12:25.774Z"}
{"level":"info","message":"\u001b[0mGET /mission.html \u001b[36m304 \u001b[0m0.274 ms - -\u001b[0m\n","timestamp":"2017-04-15T21:12:25.788Z"}
{"level":"info","message":"\u001b[0mGET /css/normalize.css \u001b[36m304 \u001b[0m0.986 ms - -\u001b[0m\n","timestamp":"2017-04-15T21:12:25.809Z"}
{"level":"info","message":"\u001b[0mGET /css/mission.css \u001b[36m304 \u001b[0m2.433 ms - -\u001b[0m\n","timestamp":"2017-04-15T21:12:25.811Z"}
{"level":"info","message":"\u001b[0mGET /js/mission.js \u001b[32m200 \u001b[0m2.586 ms - 3300\u001b[0m\n","timestamp":"2017-04-15T21:12:25.815Z"}
{"level":"info","message":"1qWJsPThQU4G_Gu4AAAF connected","timestamp":"2017-04-15T21:12:25.921Z"}
{"level":"info","message":"\u001b[0mGET /api/user/eyJhbGciOiJIUzI1NiIsInR5cCI6IkpXVCJ9.eyJ1c2VyTmFtZSI6IjExMSIsImV4cCI6MTQ5MjI5NDM0NSwiaWF0IjoxNDkyMjkwNzQ1fQ.twznFcqJE4M-D1YclpGjplPXG_AB-rsU2rtTpItxatQ \u001b[32m200 \u001b[0m4.673 ms - 51\u001b[0m\n","timestamp":"2017-04-15T21:12:26.003Z"}
{"level":"info","message":"\u001b[0mGET /api/quest/eyJhbGciOiJIUzI1NiIsInR5cCI6IkpXVCJ9.eyJ1c2VyTmFtZSI6IjExMSIsImV4cCI6MTQ5MjI5NDM0NSwiaWF0IjoxNDkyMjkwNzQ1fQ.twznFcqJE4M-D1YclpGjplPXG_AB-rsU2rtTpItxatQ \u001b[31m500 \u001b[0m3.520 ms - 1981\u001b[0m\n","timestamp":"2017-04-15T21:12:26.008Z"}
{"level":"info","message":"\u001b[0mGET /mission.html \u001b[36m304 \u001b[0m0.420 ms - -\u001b[0m\n","timestamp":"2017-04-15T21:12:48.017Z"}
{"level":"info","message":"\u001b[0mGET /css/normalize.css \u001b[36m304 \u001b[0m2.809 ms - -\u001b[0m\n","timestamp":"2017-04-15T21:12:48.045Z"}
{"level":"info","message":"\u001b[0mGET /css/mission.css \u001b[36m304 \u001b[0m2.447 ms - -\u001b[0m\n","timestamp":"2017-04-15T21:12:48.047Z"}
{"level":"info","message":"\u001b[0mGET /js/mission.js \u001b[32m200 \u001b[0m6.596 ms - 3287\u001b[0m\n","timestamp":"2017-04-15T21:12:48.051Z"}
{"level":"info","message":"UKgd6pwp3ofOY_7IAAAG connected","timestamp":"2017-04-15T21:12:48.139Z"}
{"level":"info","message":"\u001b[0mGET /api/user/eyJhbGciOiJIUzI1NiIsInR5cCI6IkpXVCJ9.eyJ1c2VyTmFtZSI6IjExMSIsImV4cCI6MTQ5MjI5NDM0NSwiaWF0IjoxNDkyMjkwNzQ1fQ.twznFcqJE4M-D1YclpGjplPXG_AB-rsU2rtTpItxatQ \u001b[36m304 \u001b[0m6.206 ms - -\u001b[0m\n","timestamp":"2017-04-15T21:12:48.217Z"}
{"level":"info","message":"\u001b[0mGET /api/quest/ \u001b[32m200 \u001b[0m9.109 ms - 1099\u001b[0m\n","timestamp":"2017-04-15T21:12:48.220Z"}
{"level":"info","message":"\u001b[0mGET /mission.html \u001b[36m304 \u001b[0m0.727 ms - -\u001b[0m\n","timestamp":"2017-04-15T21:14:36.575Z"}
{"level":"info","message":"\u001b[0mGET /css/normalize.css \u001b[36m304 \u001b[0m1.154 ms - -\u001b[0m\n","timestamp":"2017-04-15T21:14:36.600Z"}
{"level":"info","message":"\u001b[0mGET /css/mission.css \u001b[36m304 \u001b[0m3.108 ms - -\u001b[0m\n","timestamp":"2017-04-15T21:14:36.603Z"}
{"level":"info","message":"\u001b[0mGET /js/mission.js \u001b[32m200 \u001b[0m6.043 ms - 3334\u001b[0m\n","timestamp":"2017-04-15T21:14:36.606Z"}
{"level":"info","message":"W681cap5fB9hZGZVAAAH connected","timestamp":"2017-04-15T21:14:36.691Z"}
{"level":"info","message":"\u001b[0mGET /api/user/eyJhbGciOiJIUzI1NiIsInR5cCI6IkpXVCJ9.eyJ1c2VyTmFtZSI6IjExMSIsImV4cCI6MTQ5MjI5NDM0NSwiaWF0IjoxNDkyMjkwNzQ1fQ.twznFcqJE4M-D1YclpGjplPXG_AB-rsU2rtTpItxatQ \u001b[36m304 \u001b[0m5.197 ms - -\u001b[0m\n","timestamp":"2017-04-15T21:14:36.761Z"}
{"level":"info","message":"\u001b[0mGET /api/quest/ \u001b[36m304 \u001b[0m4.632 ms - -\u001b[0m\n","timestamp":"2017-04-15T21:14:36.763Z"}
{"level":"info","message":"\u001b[0mGET /mission.html \u001b[36m304 \u001b[0m0.311 ms - -\u001b[0m\n","timestamp":"2017-04-15T21:14:56.066Z"}
{"level":"info","message":"\u001b[0mGET /css/normalize.css \u001b[36m304 \u001b[0m5.269 ms - -\u001b[0m\n","timestamp":"2017-04-15T21:14:56.091Z"}
{"level":"info","message":"\u001b[0mGET /css/mission.css \u001b[36m304 \u001b[0m4.871 ms - -\u001b[0m\n","timestamp":"2017-04-15T21:14:56.091Z"}
{"level":"info","message":"\u001b[0mGET /js/mission.js \u001b[32m200 \u001b[0m8.850 ms - 3323\u001b[0m\n","timestamp":"2017-04-15T21:14:56.098Z"}
{"level":"info","message":"WavnThBpha7S1qQyAAAI connected","timestamp":"2017-04-15T21:14:56.198Z"}
{"level":"info","message":"\u001b[0mGET /api/user/eyJhbGciOiJIUzI1NiIsInR5cCI6IkpXVCJ9.eyJ1c2VyTmFtZSI6IjExMSIsImV4cCI6MTQ5MjI5NDM0NSwiaWF0IjoxNDkyMjkwNzQ1fQ.twznFcqJE4M-D1YclpGjplPXG_AB-rsU2rtTpItxatQ \u001b[36m304 \u001b[0m2.023 ms - -\u001b[0m\n","timestamp":"2017-04-15T21:14:56.276Z"}
{"level":"info","message":"\u001b[0mGET /api/quest/ \u001b[36m304 \u001b[0m2.189 ms - -\u001b[0m\n","timestamp":"2017-04-15T21:14:56.278Z"}
{"level":"info","message":"\u001b[0mGET /mission.html \u001b[36m304 \u001b[0m0.329 ms - -\u001b[0m\n","timestamp":"2017-04-15T21:15:57.402Z"}
{"level":"info","message":"\u001b[0mGET /css/normalize.css \u001b[36m304 \u001b[0m0.790 ms - -\u001b[0m\n","timestamp":"2017-04-15T21:15:57.424Z"}
{"level":"info","message":"\u001b[0mGET /css/mission.css \u001b[36m304 \u001b[0m3.099 ms - -\u001b[0m\n","timestamp":"2017-04-15T21:15:57.426Z"}
{"level":"info","message":"\u001b[0mGET /js/mission.js \u001b[32m200 \u001b[0m1.064 ms - 3332\u001b[0m\n","timestamp":"2017-04-15T21:15:57.428Z"}
{"level":"info","message":"ZCyTnDhc0W11O17gAAAJ connected","timestamp":"2017-04-15T21:15:57.521Z"}
{"level":"info","message":"\u001b[0mGET /api/user/eyJhbGciOiJIUzI1NiIsInR5cCI6IkpXVCJ9.eyJ1c2VyTmFtZSI6IjExMSIsImV4cCI6MTQ5MjI5NDM0NSwiaWF0IjoxNDkyMjkwNzQ1fQ.twznFcqJE4M-D1YclpGjplPXG_AB-rsU2rtTpItxatQ \u001b[36m304 \u001b[0m3.405 ms - -\u001b[0m\n","timestamp":"2017-04-15T21:15:57.590Z"}
{"level":"info","message":"\u001b[0mGET /api/quest/ \u001b[36m304 \u001b[0m1.771 ms - -\u001b[0m\n","timestamp":"2017-04-15T21:15:57.594Z"}
{"level":"info","message":"\u001b[0mGET /mission.html \u001b[36m304 \u001b[0m0.374 ms - -\u001b[0m\n","timestamp":"2017-04-15T21:18:18.699Z"}
{"level":"info","message":"\u001b[0mGET /css/normalize.css \u001b[36m304 \u001b[0m1.363 ms - -\u001b[0m\n","timestamp":"2017-04-15T21:18:18.719Z"}
{"level":"info","message":"\u001b[0mGET /css/mission.css \u001b[36m304 \u001b[0m1.457 ms - -\u001b[0m\n","timestamp":"2017-04-15T21:18:18.721Z"}
{"level":"info","message":"\u001b[0mGET /js/mission.js \u001b[32m200 \u001b[0m1.979 ms - 3346\u001b[0m\n","timestamp":"2017-04-15T21:18:18.723Z"}
{"level":"info","message":"wOEgKE3-wbtwMb9OAAAK connected","timestamp":"2017-04-15T21:18:18.825Z"}
{"level":"info","message":"\u001b[0mGET /api/user/eyJhbGciOiJIUzI1NiIsInR5cCI6IkpXVCJ9.eyJ1c2VyTmFtZSI6IjExMSIsImV4cCI6MTQ5MjI5NDM0NSwiaWF0IjoxNDkyMjkwNzQ1fQ.twznFcqJE4M-D1YclpGjplPXG_AB-rsU2rtTpItxatQ \u001b[36m304 \u001b[0m3.182 ms - -\u001b[0m\n","timestamp":"2017-04-15T21:18:18.899Z"}
{"level":"info","message":"\u001b[0mGET /api/quest/ \u001b[36m304 \u001b[0m3.043 ms - -\u001b[0m\n","timestamp":"2017-04-15T21:18:18.902Z"}
{"level":"info","message":"\u001b[0mGET /mission.html \u001b[36m304 \u001b[0m0.340 ms - -\u001b[0m\n","timestamp":"2017-04-15T21:18:59.938Z"}
{"level":"info","message":"\u001b[0mGET /css/normalize.css \u001b[36m304 \u001b[0m4.572 ms - -\u001b[0m\n","timestamp":"2017-04-15T21:18:59.963Z"}
{"level":"info","message":"\u001b[0mGET /css/mission.css \u001b[36m304 \u001b[0m4.822 ms - -\u001b[0m\n","timestamp":"2017-04-15T21:18:59.964Z"}
{"level":"info","message":"\u001b[0mGET /js/mission.js \u001b[32m200 \u001b[0m5.075 ms - 3336\u001b[0m\n","timestamp":"2017-04-15T21:18:59.965Z"}
{"level":"info","message":"qOuK0o8Q4Vh8zPvIAAAL connected","timestamp":"2017-04-15T21:19:00.076Z"}
{"level":"info","message":"\u001b[0mGET /api/user/eyJhbGciOiJIUzI1NiIsInR5cCI6IkpXVCJ9.eyJ1c2VyTmFtZSI6IjExMSIsImV4cCI6MTQ5MjI5NDM0NSwiaWF0IjoxNDkyMjkwNzQ1fQ.twznFcqJE4M-D1YclpGjplPXG_AB-rsU2rtTpItxatQ \u001b[36m304 \u001b[0m2.894 ms - -\u001b[0m\n","timestamp":"2017-04-15T21:19:00.157Z"}
{"level":"info","message":"\u001b[0mGET /api/quest/ \u001b[36m304 \u001b[0m8.487 ms - -\u001b[0m\n","timestamp":"2017-04-15T21:19:00.173Z"}
{"level":"info","message":"Sever is listening on 60680","timestamp":"2017-04-15T21:20:08.156Z"}
{"level":"info","message":"\u001b[0mGET /mission.html \u001b[32m200 \u001b[0m16.431 ms - 8971\u001b[0m\n","timestamp":"2017-04-15T21:20:22.492Z"}
{"level":"info","message":"\u001b[0mGET /css/mission.css \u001b[32m200 \u001b[0m21.079 ms - 3030\u001b[0m\n","timestamp":"2017-04-15T21:20:22.542Z"}
{"level":"info","message":"\u001b[0mGET /css/normalize.css \u001b[32m200 \u001b[0m33.105 ms - 8053\u001b[0m\n","timestamp":"2017-04-15T21:20:22.543Z"}
{"level":"info","message":"\u001b[0mGET /js/mission.js \u001b[32m200 \u001b[0m31.938 ms - 3336\u001b[0m\n","timestamp":"2017-04-15T21:20:22.555Z"}
{"level":"info","message":"YOcQNiaXh8DPXgseAAAA connected","timestamp":"2017-04-15T21:20:22.661Z"}
{"level":"info","message":"\u001b[0mGET /api/user/eyJhbGciOiJIUzI1NiIsInR5cCI6IkpXVCJ9.eyJ1c2VyTmFtZSI6IjExMSIsImV4cCI6MTQ5MjI5NDM0NSwiaWF0IjoxNDkyMjkwNzQ1fQ.twznFcqJE4M-D1YclpGjplPXG_AB-rsU2rtTpItxatQ \u001b[32m200 \u001b[0m25.228 ms - 51\u001b[0m\n","timestamp":"2017-04-15T21:20:22.743Z"}
{"level":"info","message":"\u001b[0mGET /favicon.ico \u001b[33m404 \u001b[0m3.742 ms - 150\u001b[0m\n","timestamp":"2017-04-15T21:20:22.758Z"}
{"level":"info","message":"\u001b[0mGET /api/quest/ \u001b[32m200 \u001b[0m23.860 ms - 1108\u001b[0m\n","timestamp":"2017-04-15T21:20:22.761Z"}
{"level":"info","message":"\u001b[0mGET /mission.html \u001b[36m304 \u001b[0m1.809 ms - -\u001b[0m\n","timestamp":"2017-04-15T21:21:30.064Z"}
{"level":"info","message":"\u001b[0mGET /css/normalize.css \u001b[36m304 \u001b[0m2.268 ms - -\u001b[0m\n","timestamp":"2017-04-15T21:21:30.085Z"}
{"level":"info","message":"\u001b[0mGET /css/mission.css \u001b[36m304 \u001b[0m3.312 ms - -\u001b[0m\n","timestamp":"2017-04-15T21:21:30.087Z"}
{"level":"info","message":"\u001b[0mGET /js/mission.js \u001b[32m200 \u001b[0m5.125 ms - 3337\u001b[0m\n","timestamp":"2017-04-15T21:21:30.090Z"}
{"level":"info","message":"kxdhYOdqemtDqbVgAAAB connected","timestamp":"2017-04-15T21:21:30.190Z"}
{"level":"info","message":"\u001b[0mGET /api/user/eyJhbGciOiJIUzI1NiIsInR5cCI6IkpXVCJ9.eyJ1c2VyTmFtZSI6IjExMSIsImV4cCI6MTQ5MjI5NDM0NSwiaWF0IjoxNDkyMjkwNzQ1fQ.twznFcqJE4M-D1YclpGjplPXG_AB-rsU2rtTpItxatQ \u001b[36m304 \u001b[0m5.434 ms - -\u001b[0m\n","timestamp":"2017-04-15T21:21:30.268Z"}
{"level":"info","message":"\u001b[0mGET /api/quest/ \u001b[36m304 \u001b[0m4.438 ms - -\u001b[0m\n","timestamp":"2017-04-15T21:21:30.271Z"}
{"level":"info","message":"\u001b[0mGET /mission.html \u001b[36m304 \u001b[0m0.366 ms - -\u001b[0m\n","timestamp":"2017-04-15T21:21:56.291Z"}
{"level":"info","message":"\u001b[0mGET /css/normalize.css \u001b[36m304 \u001b[0m2.472 ms - -\u001b[0m\n","timestamp":"2017-04-15T21:21:56.310Z"}
{"level":"info","message":"\u001b[0mGET /css/mission.css \u001b[36m304 \u001b[0m3.099 ms - -\u001b[0m\n","timestamp":"2017-04-15T21:21:56.312Z"}
{"level":"info","message":"\u001b[0mGET /js/mission.js \u001b[32m200 \u001b[0m3.962 ms - 3352\u001b[0m\n","timestamp":"2017-04-15T21:21:56.313Z"}
{"level":"info","message":"HMcsdU5-YihS7pZhAAAC connected","timestamp":"2017-04-15T21:21:56.411Z"}
{"level":"info","message":"\u001b[0mGET /api/user/eyJhbGciOiJIUzI1NiIsInR5cCI6IkpXVCJ9.eyJ1c2VyTmFtZSI6IjExMSIsImV4cCI6MTQ5MjI5NDM0NSwiaWF0IjoxNDkyMjkwNzQ1fQ.twznFcqJE4M-D1YclpGjplPXG_AB-rsU2rtTpItxatQ \u001b[36m304 \u001b[0m4.783 ms - -\u001b[0m\n","timestamp":"2017-04-15T21:21:56.491Z"}
{"level":"info","message":"\u001b[0mGET /api/quest/ \u001b[36m304 \u001b[0m3.605 ms - -\u001b[0m\n","timestamp":"2017-04-15T21:21:56.494Z"}
{"level":"info","message":"\u001b[0mGET /mission.html \u001b[36m304 \u001b[0m0.668 ms - -\u001b[0m\n","timestamp":"2017-04-15T21:23:50.818Z"}
{"level":"info","message":"\u001b[0mGET /css/normalize.css \u001b[36m304 \u001b[0m0.651 ms - -\u001b[0m\n","timestamp":"2017-04-15T21:23:50.834Z"}
{"level":"info","message":"\u001b[0mGET /css/mission.css \u001b[36m304 \u001b[0m0.883 ms - -\u001b[0m\n","timestamp":"2017-04-15T21:23:50.835Z"}
{"level":"info","message":"\u001b[0mGET /js/mission.js \u001b[32m200 \u001b[0m0.757 ms - 3350\u001b[0m\n","timestamp":"2017-04-15T21:23:50.838Z"}
{"level":"info","message":"xETxp-vKoluRSO3oAAAD connected","timestamp":"2017-04-15T21:23:50.939Z"}
{"level":"info","message":"\u001b[0mGET /api/user/eyJhbGciOiJIUzI1NiIsInR5cCI6IkpXVCJ9.eyJ1c2VyTmFtZSI6IjExMSIsImV4cCI6MTQ5MjI5NDM0NSwiaWF0IjoxNDkyMjkwNzQ1fQ.twznFcqJE4M-D1YclpGjplPXG_AB-rsU2rtTpItxatQ \u001b[36m304 \u001b[0m4.598 ms - -\u001b[0m\n","timestamp":"2017-04-15T21:23:51.003Z"}
{"level":"info","message":"\u001b[0mGET /api/quest/ \u001b[36m304 \u001b[0m4.331 ms - -\u001b[0m\n","timestamp":"2017-04-15T21:23:51.006Z"}
{"level":"info","message":"\u001b[0mGET /mission.html \u001b[36m304 \u001b[0m0.546 ms - -\u001b[0m\n","timestamp":"2017-04-15T21:24:04.043Z"}
{"level":"info","message":"\u001b[0mGET /css/normalize.css \u001b[36m304 \u001b[0m1.348 ms - -\u001b[0m\n","timestamp":"2017-04-15T21:24:04.064Z"}
{"level":"info","message":"\u001b[0mGET /css/mission.css \u001b[36m304 \u001b[0m2.424 ms - -\u001b[0m\n","timestamp":"2017-04-15T21:24:04.066Z"}
{"level":"info","message":"\u001b[0mGET /js/mission.js \u001b[32m200 \u001b[0m5.796 ms - 3351\u001b[0m\n","timestamp":"2017-04-15T21:24:04.069Z"}
{"level":"info","message":"D_P0X9vHfUs19d8aAAAE connected","timestamp":"2017-04-15T21:24:04.162Z"}
{"level":"info","message":"\u001b[0mGET /api/user/eyJhbGciOiJIUzI1NiIsInR5cCI6IkpXVCJ9.eyJ1c2VyTmFtZSI6IjExMSIsImV4cCI6MTQ5MjI5NDM0NSwiaWF0IjoxNDkyMjkwNzQ1fQ.twznFcqJE4M-D1YclpGjplPXG_AB-rsU2rtTpItxatQ \u001b[36m304 \u001b[0m6.299 ms - -\u001b[0m\n","timestamp":"2017-04-15T21:24:04.228Z"}
{"level":"info","message":"\u001b[0mGET /api/quest/ \u001b[36m304 \u001b[0m8.214 ms - -\u001b[0m\n","timestamp":"2017-04-15T21:24:04.233Z"}
{"level":"info","message":"\u001b[0mGET /mission.html \u001b[36m304 \u001b[0m0.503 ms - -\u001b[0m\n","timestamp":"2017-04-15T21:24:52.822Z"}
{"level":"info","message":"\u001b[0mGET /css/normalize.css \u001b[36m304 \u001b[0m2.201 ms - -\u001b[0m\n","timestamp":"2017-04-15T21:24:52.848Z"}
{"level":"info","message":"\u001b[0mGET /css/mission.css \u001b[36m304 \u001b[0m2.474 ms - -\u001b[0m\n","timestamp":"2017-04-15T21:24:52.849Z"}
{"level":"info","message":"\u001b[0mGET /js/mission.js \u001b[32m200 \u001b[0m3.264 ms - 3358\u001b[0m\n","timestamp":"2017-04-15T21:24:52.851Z"}
{"level":"info","message":"2XLg4iQzB8GwDsXtAAAF connected","timestamp":"2017-04-15T21:24:52.946Z"}
{"level":"info","message":"\u001b[0mGET /api/user/eyJhbGciOiJIUzI1NiIsInR5cCI6IkpXVCJ9.eyJ1c2VyTmFtZSI6IjExMSIsImV4cCI6MTQ5MjI5NDM0NSwiaWF0IjoxNDkyMjkwNzQ1fQ.twznFcqJE4M-D1YclpGjplPXG_AB-rsU2rtTpItxatQ \u001b[36m304 \u001b[0m4.199 ms - -\u001b[0m\n","timestamp":"2017-04-15T21:24:53.022Z"}
{"level":"info","message":"\u001b[0mGET /api/quest/ \u001b[36m304 \u001b[0m3.288 ms - -\u001b[0m\n","timestamp":"2017-04-15T21:24:53.029Z"}
{"level":"info","message":"\u001b[0mGET / \u001b[32m200 \u001b[0m7.941 ms - 2895\u001b[0m\n","timestamp":"2017-04-15T21:25:35.279Z"}
{"level":"info","message":"\u001b[0mGET /css/normalize.css \u001b[32m200 \u001b[0m2.373 ms - 8053\u001b[0m\n","timestamp":"2017-04-15T21:25:35.291Z"}
{"level":"info","message":"\u001b[0mGET /js/loading.js \u001b[32m200 \u001b[0m11.215 ms - 471\u001b[0m\n","timestamp":"2017-04-15T21:25:35.311Z"}
{"level":"info","message":"\u001b[0mGET /css/style.css \u001b[32m200 \u001b[0m11.191 ms - 3669\u001b[0m\n","timestamp":"2017-04-15T21:25:35.311Z"}
{"level":"info","message":"\u001b[0mGET /image/facebook-icon.png \u001b[32m200 \u001b[0m7.915 ms - 39937\u001b[0m\n","timestamp":"2017-04-15T21:25:35.313Z"}
{"level":"info","message":"\u001b[0mGET /image/profile-green.png \u001b[32m200 \u001b[0m9.283 ms - 34293\u001b[0m\n","timestamp":"2017-04-15T21:25:35.319Z"}
{"level":"info","message":"\u001b[0mGET /image/twitter-icon.png \u001b[32m200 \u001b[0m10.087 ms - 42256\u001b[0m\n","timestamp":"2017-04-15T21:25:35.320Z"}
{"level":"info","message":"\u001b[0mGET /image/wechat-icon.png \u001b[32m200 \u001b[0m7.678 ms - 61805\u001b[0m\n","timestamp":"2017-04-15T21:25:35.322Z"}
{"level":"info","message":"\u001b[0mGET /js/login.js \u001b[32m200 \u001b[0m8.447 ms - 1554\u001b[0m\n","timestamp":"2017-04-15T21:25:35.323Z"}
{"level":"info","message":"\u001b[0mGET /image/weibo-icon.png \u001b[32m200 \u001b[0m7.811 ms - 93352\u001b[0m\n","timestamp":"2017-04-15T21:25:35.325Z"}
{"level":"info","message":"\u001b[0mGET /favicon.ico \u001b[33m404 \u001b[0m0.560 ms - 150\u001b[0m\n","timestamp":"2017-04-15T21:25:35.560Z"}
{"level":"info","message":"tLFKoBcNfHg6IkfHAAAG connected","timestamp":"2017-04-15T21:25:40.349Z"}
{"level":"info","message":"tLFKoBcNfHg6IkfHAAAG eventName:login message:login success","timestamp":"2017-04-15T21:25:40.429Z"}
{"level":"info","message":"\u001b[0mGET /mission.html \u001b[32m200 \u001b[0m0.621 ms - 8971\u001b[0m\n","timestamp":"2017-04-15T21:25:40.435Z"}
{"level":"info","message":"\u001b[0mGET /css/normalize.css \u001b[36m304 \u001b[0m0.362 ms - -\u001b[0m\n","timestamp":"2017-04-15T21:25:40.442Z"}
{"level":"info","message":"\u001b[0mGET /css/mission.css \u001b[32m200 \u001b[0m1.308 ms - 3030\u001b[0m\n","timestamp":"2017-04-15T21:25:40.443Z"}
{"level":"info","message":"\u001b[0mGET /js/mission.js \u001b[32m200 \u001b[0m1.774 ms - 3358\u001b[0m\n","timestamp":"2017-04-15T21:25:40.444Z"}
{"level":"info","message":"zdgJYOUdrv4qHFDlAAAH connected","timestamp":"2017-04-15T21:25:40.470Z"}
{"level":"info","message":"\u001b[0mGET /api/user/eyJhbGciOiJIUzI1NiIsInR5cCI6IkpXVCJ9.eyJ1c2VyTmFtZSI6IjEiLCJleHAiOjE0OTIyOTUxNDAsImlhdCI6MTQ5MjI5MTU0MH0.sYrNmS5fFq0VX5rQAHh2qtHSMy6YPyGmose1IwW4uEI \u001b[32m200 \u001b[0m6.400 ms - 49\u001b[0m\n","timestamp":"2017-04-15T21:25:40.490Z"}
{"level":"info","message":"\u001b[0mGET /api/quest/ \u001b[32m200 \u001b[0m8.689 ms - 1108\u001b[0m\n","timestamp":"2017-04-15T21:25:40.493Z"}
{"level":"info","message":"\u001b[0mGET / \u001b[32m200 \u001b[0m0.757 ms - 2884\u001b[0m\n","timestamp":"2017-04-15T21:35:43.152Z"}
{"level":"info","message":"\u001b[0mGET /css/normalize.css \u001b[36m304 \u001b[0m0.747 ms - -\u001b[0m\n","timestamp":"2017-04-15T21:35:43.180Z"}
{"level":"info","message":"\u001b[0mGET /css/style.css \u001b[32m200 \u001b[0m3.103 ms - 3669\u001b[0m\n","timestamp":"2017-04-15T21:35:43.182Z"}
{"level":"info","message":"\u001b[0mGET /js/loading.js \u001b[32m200 \u001b[0m1.670 ms - 471\u001b[0m\n","timestamp":"2017-04-15T21:35:43.186Z"}
{"level":"info","message":"\u001b[0mGET /js/login.js \u001b[32m200 \u001b[0m1.072 ms - 1554\u001b[0m\n","timestamp":"2017-04-15T21:35:43.193Z"}
{"level":"info","message":"\u001b[0mGET /image/profile-green.png \u001b[32m200 \u001b[0m2.560 ms - 34293\u001b[0m\n","timestamp":"2017-04-15T21:35:43.202Z"}
{"level":"info","message":"\u001b[0mGET /image/facebook-icon.png \u001b[32m200 \u001b[0m1.249 ms - 39937\u001b[0m\n","timestamp":"2017-04-15T21:35:43.210Z"}
{"level":"info","message":"\u001b[0mGET /image/wechat-icon.png \u001b[32m200 \u001b[0m1.263 ms - 61805\u001b[0m\n","timestamp":"2017-04-15T21:35:43.217Z"}
{"level":"info","message":"\u001b[0mGET /image/twitter-icon.png \u001b[32m200 \u001b[0m1.277 ms - 42256\u001b[0m\n","timestamp":"2017-04-15T21:35:43.226Z"}
{"level":"info","message":"\u001b[0mGET /image/weibo-icon.png \u001b[32m200 \u001b[0m1.135 ms - 93352\u001b[0m\n","timestamp":"2017-04-15T21:35:43.234Z"}
{"level":"info","message":"pQR6h6DVTCU7X71GAAAI connected","timestamp":"2017-04-15T21:35:46.596Z"}
{"level":"info","message":"pQR6h6DVTCU7X71GAAAI eventName:login message:login success","timestamp":"2017-04-15T21:35:46.670Z"}
{"level":"info","message":"\u001b[0mGET /mission.html \u001b[32m200 \u001b[0m0.618 ms - 8971\u001b[0m\n","timestamp":"2017-04-15T21:35:46.685Z"}
{"level":"info","message":"\u001b[0mGET /css/normalize.css \u001b[36m304 \u001b[0m4.746 ms - -\u001b[0m\n","timestamp":"2017-04-15T21:35:46.716Z"}
{"level":"info","message":"\u001b[0mGET /css/mission.css \u001b[36m304 \u001b[0m3.387 ms - -\u001b[0m\n","timestamp":"2017-04-15T21:35:46.717Z"}
{"level":"info","message":"\u001b[0mGET /js/mission.js \u001b[32m200 \u001b[0m3.903 ms - 3359\u001b[0m\n","timestamp":"2017-04-15T21:35:46.718Z"}
{"level":"info","message":"UvOyj24Mw5g_n4V4AAAJ connected","timestamp":"2017-04-15T21:35:46.806Z"}
{"level":"info","message":"\u001b[0mGET /api/user/eyJhbGciOiJIUzI1NiIsInR5cCI6IkpXVCJ9.eyJ1c2VyTmFtZSI6IjExMSIsImV4cCI6MTQ5MjI5NTc0NiwiaWF0IjoxNDkyMjkyMTQ2fQ.MBD7PdExpAS4a8SYrjnDylPg1kEA64r1UN-dfMHW3Xk \u001b[32m200 \u001b[0m3.971 ms - 51\u001b[0m\n","timestamp":"2017-04-15T21:35:46.879Z"}
{"level":"info","message":"\u001b[0mGET /api/quest/ \u001b[36m304 \u001b[0m2.862 ms - -\u001b[0m\n","timestamp":"2017-04-15T21:35:46.880Z"}
{"level":"info","message":"\u001b[0mGET /mission.html \u001b[36m304 \u001b[0m4.093 ms - -\u001b[0m\n","timestamp":"2017-04-15T21:35:58.369Z"}
{"level":"info","message":"\u001b[0mGET /css/normalize.css \u001b[36m304 \u001b[0m0.775 ms - -\u001b[0m\n","timestamp":"2017-04-15T21:35:58.388Z"}
{"level":"info","message":"\u001b[0mGET /css/mission.css \u001b[36m304 \u001b[0m1.202 ms - -\u001b[0m\n","timestamp":"2017-04-15T21:35:58.389Z"}
{"level":"info","message":"\u001b[0mGET /js/mission.js \u001b[36m304 \u001b[0m0.464 ms - -\u001b[0m\n","timestamp":"2017-04-15T21:35:58.396Z"}
{"level":"info","message":"Hww3x99fTdNlsh-dAAAK connected","timestamp":"2017-04-15T21:35:58.499Z"}
{"level":"info","message":"\u001b[0mGET /api/user/eyJhbGciOiJIUzI1NiIsInR5cCI6IkpXVCJ9.eyJ1c2VyTmFtZSI6IjExMSIsImV4cCI6MTQ5MjI5NTc0NiwiaWF0IjoxNDkyMjkyMTQ2fQ.MBD7PdExpAS4a8SYrjnDylPg1kEA64r1UN-dfMHW3Xk \u001b[36m304 \u001b[0m2.617 ms - -\u001b[0m\n","timestamp":"2017-04-15T21:35:58.569Z"}
{"level":"info","message":"\u001b[0mGET /api/quest/ \u001b[36m304 \u001b[0m1.313 ms - -\u001b[0m\n","timestamp":"2017-04-15T21:35:58.571Z"}
